[2013-11-25 14:26:14,328]DEBUG  1761[main] - org.hibernate.type.BasicTypeRegistry.register(BasicTypeRegistry.java:143) - Adding type registration imm_calendar -> org.hibernate.type.AdaptedImmutableType@144d8db0
[2013-11-25 14:26:14,329]DEBUG  1762[main] - org.hibernate.type.BasicTypeRegistry.register(BasicTypeRegistry.java:143) - Adding type registration imm_calendar_date -> org.hibernate.type.AdaptedImmutableType@6f912839
[2013-11-25 14:26:14,329]DEBUG  1762[main] - org.hibernate.type.BasicTypeRegistry.register(BasicTypeRegistry.java:143) - Adding type registration imm_binary -> org.hibernate.type.AdaptedImmutableType@22e7ef68
[2013-11-25 14:26:14,330]DEBUG  1763[main] - org.hibernate.type.BasicTypeRegistry.register(BasicTypeRegistry.java:143) - Adding type registration imm_serializable -> org.hibernate.type.AdaptedImmutableType@2916a6bf
[2013-11-25 14:26:14,373] INFO  1806[main] - org.hibernate.annotations.common.Version.<clinit>(Version.java:37) - HCANN000001: Hibernate Commons Annotations {4.0.1.Final}
[2013-11-25 14:26:14,382] INFO  1815[main] - org.hibernate.Version.logVersion(Version.java:41) - HHH000412: Hibernate Core {4.1.7.Final}
[2013-11-25 14:26:14,384] INFO  1817[main] - org.hibernate.cfg.Environment.<clinit>(Environment.java:239) - HHH000206: hibernate.properties not found
[2013-11-25 14:26:14,386] INFO  1819[main] - org.hibernate.cfg.Environment.buildBytecodeProvider(Environment.java:342) - HHH000021: Bytecode provider name : javassist
[2013-11-25 14:26:14,439]DEBUG  1872[main] - org.hibernate.id.factory.internal.DefaultIdentifierGeneratorFactory.register(DefaultIdentifierGeneratorFactory.java:93) - Registering IdentifierGenerator strategy [uuid2] -> [org.hibernate.id.UUIDGenerator]
[2013-11-25 14:26:14,440]DEBUG  1873[main] - org.hibernate.id.factory.internal.DefaultIdentifierGeneratorFactory.register(DefaultIdentifierGeneratorFactory.java:93) - Registering IdentifierGenerator strategy [guid] -> [org.hibernate.id.GUIDGenerator]
[2013-11-25 14:26:14,447]DEBUG  1880[main] - org.hibernate.id.factory.internal.DefaultIdentifierGeneratorFactory.register(DefaultIdentifierGeneratorFactory.java:93) - Registering IdentifierGenerator strategy [uuid] -> [org.hibernate.id.UUIDHexGenerator]
[2013-11-25 14:26:14,448]DEBUG  1881[main] - org.hibernate.id.factory.internal.DefaultIdentifierGeneratorFactory.register(DefaultIdentifierGeneratorFactory.java:93) - Registering IdentifierGenerator strategy [uuid.hex] -> [org.hibernate.id.UUIDHexGenerator]
[2013-11-25 14:26:14,450]DEBUG  1883[main] - org.hibernate.id.factory.internal.DefaultIdentifierGeneratorFactory.register(DefaultIdentifierGeneratorFactory.java:93) - Registering IdentifierGenerator strategy [hilo] -> [org.hibernate.id.TableHiLoGenerator]
[2013-11-25 14:26:14,450]DEBUG  1883[main] - org.hibernate.id.factory.internal.DefaultIdentifierGeneratorFactory.register(DefaultIdentifierGeneratorFactory.java:93) - Registering IdentifierGenerator strategy [assigned] -> [org.hibernate.id.Assigned]
[2013-11-25 14:26:14,452]DEBUG  1885[main] - org.hibernate.id.factory.internal.DefaultIdentifierGeneratorFactory.register(DefaultIdentifierGeneratorFactory.java:93) - Registering IdentifierGenerator strategy [identity] -> [org.hibernate.id.IdentityGenerator]
[2013-11-25 14:26:14,453]DEBUG  1886[main] - org.hibernate.id.factory.internal.DefaultIdentifierGeneratorFactory.register(DefaultIdentifierGeneratorFactory.java:93) - Registering IdentifierGenerator strategy [select] -> [org.hibernate.id.SelectGenerator]
[2013-11-25 14:26:14,454]DEBUG  1887[main] - org.hibernate.id.factory.internal.DefaultIdentifierGeneratorFactory.register(DefaultIdentifierGeneratorFactory.java:93) - Registering IdentifierGenerator strategy [sequence] -> [org.hibernate.id.SequenceGenerator]
[2013-11-25 14:26:14,455]DEBUG  1888[main] - org.hibernate.id.factory.internal.DefaultIdentifierGeneratorFactory.register(DefaultIdentifierGeneratorFactory.java:93) - Registering IdentifierGenerator strategy [seqhilo] -> [org.hibernate.id.SequenceHiLoGenerator]
[2013-11-25 14:26:14,456]DEBUG  1889[main] - org.hibernate.id.factory.internal.DefaultIdentifierGeneratorFactory.register(DefaultIdentifierGeneratorFactory.java:93) - Registering IdentifierGenerator strategy [increment] -> [org.hibernate.id.IncrementGenerator]
[2013-11-25 14:26:14,457]DEBUG  1890[main] - org.hibernate.id.factory.internal.DefaultIdentifierGeneratorFactory.register(DefaultIdentifierGeneratorFactory.java:93) - Registering IdentifierGenerator strategy [foreign] -> [org.hibernate.id.ForeignGenerator]
[2013-11-25 14:26:14,457]DEBUG  1890[main] - org.hibernate.id.factory.internal.DefaultIdentifierGeneratorFactory.register(DefaultIdentifierGeneratorFactory.java:93) - Registering IdentifierGenerator strategy [sequence-identity] -> [org.hibernate.id.SequenceIdentityGenerator]
[2013-11-25 14:26:14,459]DEBUG  1892[main] - org.hibernate.id.factory.internal.DefaultIdentifierGeneratorFactory.register(DefaultIdentifierGeneratorFactory.java:93) - Registering IdentifierGenerator strategy [enhanced-sequence] -> [org.hibernate.id.enhanced.SequenceStyleGenerator]
[2013-11-25 14:26:14,460]DEBUG  1893[main] - org.hibernate.id.factory.internal.DefaultIdentifierGeneratorFactory.register(DefaultIdentifierGeneratorFactory.java:93) - Registering IdentifierGenerator strategy [enhanced-table] -> [org.hibernate.id.enhanced.TableGenerator]
[2013-11-25 14:26:14,462] INFO  1895[main] - org.hibernate.cfg.Configuration.configure(Configuration.java:1933) - HHH000043: Configuring from resource: /hibernate.cfg.xml
[2013-11-25 14:26:14,462] INFO  1895[main] - org.hibernate.cfg.Configuration.getConfigurationInputStream(Configuration.java:1952) - HHH000040: Configuration resource: /hibernate.cfg.xml
[2013-11-25 14:26:15,183]DEBUG  2616[main] - org.hibernate.internal.util.xml.DTDEntityResolver.resolveEntity(DTDEntityResolver.java:68) - Trying to resolve system-id [http://hibernate.sourceforge.net/hibernate-configuration-3.0.dtd]
[2013-11-25 14:26:15,183] WARN  2616[main] - org.hibernate.internal.util.xml.DTDEntityResolver.resolveEntity(DTDEntityResolver.java:74) - HHH000223: Recognized obsolete hibernate namespace http://hibernate.sourceforge.net/. Use namespace http://www.hibernate.org/dtd/ instead. Refer to Hibernate 3.6 Migration Guide!
[2013-11-25 14:26:15,184]DEBUG  2617[main] - org.hibernate.internal.util.xml.DTDEntityResolver.resolveEntity(DTDEntityResolver.java:75) - Attempting to resolve on classpath under org/hibernate/
[2013-11-25 14:26:15,185]DEBUG  2618[main] - org.hibernate.internal.util.xml.DTDEntityResolver.resolveOnClassPath(DTDEntityResolver.java:107) - Located [http://hibernate.sourceforge.net/hibernate-configuration-3.0.dtd] in classpath
[2013-11-25 14:26:15,227]DEBUG  2660[main] - org.hibernate.cfg.Configuration.addProperties(Configuration.java:1895) - connection.driver_class=org.hsqldb.jdbcDriver
[2013-11-25 14:26:15,227]DEBUG  2660[main] - org.hibernate.cfg.Configuration.addProperties(Configuration.java:1895) - connection.url=jdbc:hsqldb:hsql://localhost/POS
[2013-11-25 14:26:15,227]DEBUG  2660[main] - org.hibernate.cfg.Configuration.addProperties(Configuration.java:1895) - connection.username=sa
[2013-11-25 14:26:15,227]DEBUG  2660[main] - org.hibernate.cfg.Configuration.addProperties(Configuration.java:1895) - connection.password=
[2013-11-25 14:26:15,227]DEBUG  2660[main] - org.hibernate.cfg.Configuration.addProperties(Configuration.java:1895) - connection.pool_size=1
[2013-11-25 14:26:15,228]DEBUG  2661[main] - org.hibernate.cfg.Configuration.addProperties(Configuration.java:1895) - dialect=org.hibernate.dialect.HSQLDialect
[2013-11-25 14:26:15,228]DEBUG  2661[main] - org.hibernate.cfg.Configuration.addProperties(Configuration.java:1895) - show_sql=true
[2013-11-25 14:26:15,228]DEBUG  2661[main] - org.hibernate.cfg.Configuration.parseMappingElement(Configuration.java:2129) - Session-factory config [null] named package [ee.ut.math.tvt.salessystem.domain.data] for mapping
[2013-11-25 14:26:15,228]DEBUG  2661[main] - org.hibernate.cfg.Configuration.addPackage(Configuration.java:774) - Mapping Package ee.ut.math.tvt.salessystem.domain.data
[2013-11-25 14:26:15,266]DEBUG  2699[main] - org.hibernate.cfg.AnnotationBinder.bindPackage(AnnotationBinder.java:260) - HHH000194: Package not found or wo package-info.java: ee.ut.math.tvt.salessystem.domain.data
[2013-11-25 14:26:15,267]DEBUG  2700[main] - org.hibernate.cfg.Configuration.parseMappingElement(Configuration.java:2134) - Session-factory config [null] named class [ee.ut.math.tvt.salessystem.domain.data.SoldItem] for mapping
[2013-11-25 14:26:15,299]DEBUG  2732[main] - org.hibernate.cfg.Configuration.parseMappingElement(Configuration.java:2134) - Session-factory config [null] named class [ee.ut.math.tvt.salessystem.domain.data.StockItem] for mapping
[2013-11-25 14:26:15,307] INFO  2740[main] - org.hibernate.cfg.Configuration.doConfigure(Configuration.java:2074) - HHH000041: Configured SessionFactory: null
[2013-11-25 14:26:15,307]DEBUG  2740[main] - org.hibernate.cfg.Configuration.doConfigure(Configuration.java:2075) - Properties: {hibernate.connection.password=, java.runtime.name=Java(TM) SE Runtime Environment, sun.boot.library.path=C:\Program Files\Java\jdk1.7.0_40\jre\bin, java.vm.version=24.0-b56, hibernate.connection.username=sa, user.country.format=EE, java.vm.vendor=Oracle Corporation, java.vendor.url=http://java.oracle.com/, path.separator=;, java.vm.name=Java HotSpot(TM) 64-Bit Server VM, file.encoding.pkg=sun.io, user.script=, user.country=US, sun.java.launcher=SUN_STANDARD, sun.os.patch.level=Service Pack 1, java.vm.specification.name=Java Virtual Machine Specification, user.dir=C:\Users\Kristiina\Desktop\UNI\Tarkvaratehnika\POS\task1, java.runtime.version=1.7.0_40-b43, java.awt.graphicsenv=sun.awt.Win32GraphicsEnvironment, java.endorsed.dirs=C:\Program Files\Java\jdk1.7.0_40\jre\lib\endorsed, os.arch=amd64, java.io.tmpdir=C:\Users\KRISTI~1\AppData\Local\Temp\, line.separator=
, java.vm.specification.vendor=Oracle Corporation, user.variant=, os.name=Windows 7, sun.jnu.encoding=Cp1257, java.library.path=C:\Program Files\Java\jdk1.7.0_40\bin;C:\Windows\Sun\Java\bin;C:\Windows\system32;C:\Windows;C:\Program Files (x86)\Estonian ID Card\;C:\Program Files\Common Files\Microsoft Shared\Windows Live;C:\Program Files (x86)\Common Files\Microsoft Shared\Windows Live;C:\Windows\system32;C:\Windows;C:\Windows\System32\Wbem;C:\Windows\System32\WindowsPowerShell\v1.0\;C:\Program Files\TortoiseSVN\bin;C:\Python32\;C:\Program Files (x86)\Java\jdk1.7.0_07\bin\;C:\Program Files (x86)\Windows Live\Shared;C:\Program Files\WIDCOMM\Bluetooth Software\;C:\Program Files\WIDCOMM\Bluetooth Software\syswow64;C:\Program Files\SQL Anywhere 12\bin64;C:\Program Files\SQL Anywhere 12\bin32;C:\Program Files (x86)\Common Files\Adobe\AGL;C:\Program Files (x86)\Git\cmd;., java.specification.name=Java Platform API Specification, java.class.version=51.0, hibernate.connection.pool_size=1, sun.management.compiler=HotSpot 64-Bit Tiered Compilers, os.version=6.1, connection.password=, user.home=C:\Users\Kristiina, user.timezone=Europe/Helsinki, connection.username=sa, java.awt.printerjob=sun.awt.windows.WPrinterJob, file.encoding=Cp1257, java.specification.version=1.7, hibernate.connection.driver_class=org.hsqldb.jdbcDriver, show_sql=true, java.class.path=C:\Users\Kristiina\Desktop\UNI\Tarkvaratehnika\POS\task1\bin;C:\Users\Kristiina\Desktop\UNI\Tarkvaratehnika\POS\task1\lib\log4j-1.2.17.jar;C:\Users\Kristiina\Desktop\UNI\Tarkvaratehnika\POS\task1\lib\jgoodies-looks-2.5.3.jar;C:\Users\Kristiina\Desktop\UNI\Tarkvaratehnika\POS\task1\lib\jgoodies-common-1.6.0.jar;C:\Users\Kristiina\Desktop\UNI\Tarkvaratehnika\POS\task1\lib\hibernate\antlr-2.7.7.jar;C:\Users\Kristiina\Desktop\UNI\Tarkvaratehnika\POS\task1\lib\hibernate\dom4j-1.6.1.jar;C:\Users\Kristiina\Desktop\UNI\Tarkvaratehnika\POS\task1\lib\hibernate\ehcache-core-2.4.3.jar;C:\Users\Kristiina\Desktop\UNI\Tarkvaratehnika\POS\task1\lib\hibernate\hibernate-commons-annotations-4.0.1.Final.jar;C:\Users\Kristiina\Desktop\UNI\Tarkvaratehnika\POS\task1\lib\hibernate\hibernate-core-4.1.7.Final.jar;C:\Users\Kristiina\Desktop\UNI\Tarkvaratehnika\POS\task1\lib\hibernate\hibernate-ehcache-4.1.7.Final.jar;C:\Users\Kristiina\Desktop\UNI\Tarkvaratehnika\POS\task1\lib\hibernate\hibernate-jpa-2.0-api-1.0.1.Final.jar;C:\Users\Kristiina\Desktop\UNI\Tarkvaratehnika\POS\task1\lib\hibernate\javassist-3.15.0-GA.jar;C:\Users\Kristiina\Desktop\UNI\Tarkvaratehnika\POS\task1\lib\hibernate\jboss-logging-3.1.0.GA.jar;C:\Users\Kristiina\Desktop\UNI\Tarkvaratehnika\POS\task1\lib\hibernate\jboss-transaction-api_1.1_spec-1.0.0.Final.jar;C:\Users\Kristiina\Desktop\UNI\Tarkvaratehnika\POS\task1\lib\hibernate\slf4j-api-1.6.1.jar;C:\Users\Kristiina\Desktop\UNI\Tarkvaratehnika\POS\task1\lib\commons-logging-1.1.1.jar;C:\Users\Kristiina\Desktop\UNI\Tarkvaratehnika\POS\task1\lib\hsqldb.jar;C:\Users\Kristiina\Desktop\UNI\Tarkvaratehnika\POS\task1\lib\xercesImpl.jar;C:\Users\Kristiina\Desktop\UNI\Tarkvaratehnika\POS\task1\lib\xml-apis.jar;C:\eclipse\plugins\org.junit_4.11.0.v201303080030\junit.jar;C:\eclipse\plugins\org.hamcrest.core_1.3.0.v201303031735.jar, user.name=Kristiina, hibernate.bytecode.use_reflection_optimizer=false, hibernate.show_sql=true, java.vm.specification.version=1.7, sun.java.command=ee.ut.math.tvt.TheTeam.Intro, java.home=C:\Program Files\Java\jdk1.7.0_40\jre, sun.arch.data.model=64, hibernate.dialect=org.hibernate.dialect.HSQLDialect, hibernate.connection.url=jdbc:hsqldb:hsql://localhost/POS, connection.pool_size=1, user.language=en, java.specification.vendor=Oracle Corporation, user.language.format=et, awt.toolkit=sun.awt.windows.WToolkit, java.vm.info=mixed mode, java.version=1.7.0_40, java.ext.dirs=C:\Program Files\Java\jdk1.7.0_40\jre\lib\ext;C:\Windows\Sun\Java\lib\ext, sun.boot.class.path=C:\Program Files\Java\jdk1.7.0_40\jre\lib\resources.jar;C:\Program Files\Java\jdk1.7.0_40\jre\lib\rt.jar;C:\Program Files\Java\jdk1.7.0_40\jre\lib\sunrsasign.jar;C:\Program Files\Java\jdk1.7.0_40\jre\lib\jsse.jar;C:\Program Files\Java\jdk1.7.0_40\jre\lib\jce.jar;C:\Program Files\Java\jdk1.7.0_40\jre\lib\charsets.jar;C:\Program Files\Java\jdk1.7.0_40\jre\lib\jfr.jar;C:\Program Files\Java\jdk1.7.0_40\jre\classes, java.vendor=Oracle Corporation, connection.driver_class=org.hsqldb.jdbcDriver, file.separator=\, java.vendor.url.bug=http://bugreport.sun.com/bugreport/, sun.io.unicode.encoding=UnicodeLittle, sun.cpu.endian=little, sun.desktop=windows, connection.url=jdbc:hsqldb:hsql://localhost/POS, dialect=org.hibernate.dialect.HSQLDialect, sun.cpu.isalist=amd64}
[2013-11-25 14:26:15,345]DEBUG  2778[main] - org.hibernate.integrator.internal.IntegratorServiceImpl.addIntegrator(IntegratorServiceImpl.java:59) - Adding Integrator [org.hibernate.cfg.beanvalidation.BeanValidationIntegrator].
[2013-11-25 14:26:15,400]DEBUG  2833[main] - org.hibernate.cfg.Configuration.buildSessionFactory(Configuration.java:1735) - Preparing to build session factory with filters : {}
[2013-11-25 14:26:15,423]DEBUG  2856[main] - org.hibernate.cfg.Configuration$MetadataSourceQueue.processHbmXmlQueue(Configuration.java:3401) - Processing hbm.xml files
[2013-11-25 14:26:15,423]DEBUG  2856[main] - org.hibernate.cfg.Configuration$MetadataSourceQueue.processAnnotatedClassesQueue(Configuration.java:3431) - Process annotated classes
[2013-11-25 14:26:15,429]DEBUG  2862[main] - org.hibernate.cfg.AnnotationBinder.bindClass(AnnotationBinder.java:531) - Binding entity from annotated class: ee.ut.math.tvt.salessystem.domain.data.SoldItem
[2013-11-25 14:26:15,611]DEBUG  3044[main] - org.hibernate.cfg.Ejb3Column.bind(Ejb3Column.java:196) - Binding column: Ejb3DiscriminatorColumn{logicalColumnName'DTYPE', discriminatorTypeName='string'}
[2013-11-25 14:26:15,614]DEBUG  3047[main] - org.hibernate.cfg.AnnotationBinder.determineSharedCacheMode(AnnotationBinder.java:989) - No value specified for 'javax.persistence.sharedCache.mode'; using UNSPECIFIED
[2013-11-25 14:26:15,624]DEBUG  3057[main] - org.hibernate.cfg.annotations.EntityBinder.bindEntity(EntityBinder.java:394) - Import with entity name SoldItem
[2013-11-25 14:26:15,627]DEBUG  3060[main] - org.hibernate.cfg.annotations.EntityBinder.bindTable(EntityBinder.java:564) - Bind entity ee.ut.math.tvt.salessystem.domain.data.SoldItem on table SoldItem
[2013-11-25 14:26:15,683]DEBUG  3116[main] - org.hibernate.cfg.Ejb3Column.bind(Ejb3Column.java:196) - Binding column: Ejb3Column{table=org.hibernate.mapping.Table(SoldItem), mappingColumn=id, insertable=true, updatable=true, unique=false}
[2013-11-25 14:26:15,686]DEBUG  3119[main] - org.hibernate.cfg.annotations.PropertyBinder.makePropertyAndValue(PropertyBinder.java:178) - MetadataSourceProcessor property id with lazy=false
[2013-11-25 14:26:15,697]DEBUG  3130[main] - org.hibernate.cfg.annotations.SimpleValueBinder.make(SimpleValueBinder.java:294) - building SimpleValue for id
[2013-11-25 14:26:15,698]DEBUG  3131[main] - org.hibernate.cfg.annotations.PropertyBinder.makeProperty(PropertyBinder.java:259) - Building property id
[2013-11-25 14:26:15,702]DEBUG  3135[main] - org.hibernate.cfg.Ejb3Column.bind(Ejb3Column.java:196) - Binding column: Ejb3Column{table=org.hibernate.mapping.Table(SoldItem), mappingColumn=name, insertable=true, updatable=true, unique=false}
[2013-11-25 14:26:15,703]DEBUG  3136[main] - org.hibernate.cfg.annotations.PropertyBinder.makePropertyAndValue(PropertyBinder.java:178) - MetadataSourceProcessor property name with lazy=false
[2013-11-25 14:26:15,703]DEBUG  3136[main] - org.hibernate.cfg.annotations.SimpleValueBinder.make(SimpleValueBinder.java:294) - building SimpleValue for name
[2013-11-25 14:26:15,703]DEBUG  3136[main] - org.hibernate.cfg.annotations.PropertyBinder.makeProperty(PropertyBinder.java:259) - Building property name
[2013-11-25 14:26:15,704]DEBUG  3137[main] - org.hibernate.cfg.Ejb3Column.bind(Ejb3Column.java:196) - Binding column: Ejb3Column{table=org.hibernate.mapping.Table(SoldItem), mappingColumn=price, insertable=true, updatable=true, unique=false}
[2013-11-25 14:26:15,704]DEBUG  3137[main] - org.hibernate.cfg.annotations.PropertyBinder.makePropertyAndValue(PropertyBinder.java:178) - MetadataSourceProcessor property price with lazy=false
[2013-11-25 14:26:15,705]DEBUG  3138[main] - org.hibernate.cfg.annotations.SimpleValueBinder.make(SimpleValueBinder.java:294) - building SimpleValue for price
[2013-11-25 14:26:15,705]DEBUG  3138[main] - org.hibernate.cfg.annotations.PropertyBinder.makeProperty(PropertyBinder.java:259) - Building property price
[2013-11-25 14:26:15,706]DEBUG  3139[main] - org.hibernate.cfg.Ejb3Column.bind(Ejb3Column.java:196) - Binding column: Ejb3Column{table=org.hibernate.mapping.Table(SoldItem), mappingColumn=quantity, insertable=true, updatable=true, unique=false}
[2013-11-25 14:26:15,706]DEBUG  3139[main] - org.hibernate.cfg.annotations.PropertyBinder.makePropertyAndValue(PropertyBinder.java:178) - MetadataSourceProcessor property quantity with lazy=false
[2013-11-25 14:26:15,706]DEBUG  3139[main] - org.hibernate.cfg.annotations.SimpleValueBinder.make(SimpleValueBinder.java:294) - building SimpleValue for quantity
[2013-11-25 14:26:15,707]DEBUG  3140[main] - org.hibernate.cfg.annotations.PropertyBinder.makeProperty(PropertyBinder.java:259) - Building property quantity
[2013-11-25 14:26:15,708]DEBUG  3141[main] - org.hibernate.cfg.Ejb3Column.bind(Ejb3Column.java:196) - Binding column: Ejb3JoinColumn{logicalColumnName='STOCKITEM_ID', referencedColumn='', mappedBy=''}
[2013-11-25 14:26:15,708]DEBUG  3141[main] - org.hibernate.cfg.Ejb3Column.bind(Ejb3Column.java:196) - Binding column: Ejb3Column{table=org.hibernate.mapping.Table(SoldItem), mappingColumn=stockItem, insertable=true, updatable=true, unique=false}
[2013-11-25 14:26:15,713]DEBUG  3146[main] - org.hibernate.cfg.annotations.PropertyBinder.makeProperty(PropertyBinder.java:259) - Building property stockItem
[2013-11-25 14:26:15,716]DEBUG  3149[main] - org.hibernate.cfg.AnnotationBinder.bindClass(AnnotationBinder.java:531) - Binding entity from annotated class: ee.ut.math.tvt.salessystem.domain.data.StockItem
[2013-11-25 14:26:15,716]DEBUG  3149[main] - org.hibernate.cfg.Ejb3Column.bind(Ejb3Column.java:196) - Binding column: Ejb3DiscriminatorColumn{logicalColumnName'DTYPE', discriminatorTypeName='string'}
[2013-11-25 14:26:15,716]DEBUG  3149[main] - org.hibernate.cfg.AnnotationBinder.determineSharedCacheMode(AnnotationBinder.java:989) - No value specified for 'javax.persistence.sharedCache.mode'; using UNSPECIFIED
[2013-11-25 14:26:15,717]DEBUG  3150[main] - org.hibernate.cfg.annotations.EntityBinder.bindEntity(EntityBinder.java:394) - Import with entity name StockItem
[2013-11-25 14:26:15,717]DEBUG  3150[main] - org.hibernate.cfg.annotations.EntityBinder.bindTable(EntityBinder.java:564) - Bind entity ee.ut.math.tvt.salessystem.domain.data.StockItem on table StockItem
[2013-11-25 14:26:15,719]DEBUG  3152[main] - org.hibernate.cfg.Ejb3Column.bind(Ejb3Column.java:196) - Binding column: Ejb3Column{table=org.hibernate.mapping.Table(StockItem), mappingColumn=id, insertable=true, updatable=true, unique=false}
[2013-11-25 14:26:15,719]DEBUG  3152[main] - org.hibernate.cfg.annotations.PropertyBinder.makePropertyAndValue(PropertyBinder.java:178) - MetadataSourceProcessor property id with lazy=false
[2013-11-25 14:26:15,720]DEBUG  3153[main] - org.hibernate.cfg.annotations.SimpleValueBinder.make(SimpleValueBinder.java:294) - building SimpleValue for id
[2013-11-25 14:26:15,720]DEBUG  3153[main] - org.hibernate.cfg.annotations.PropertyBinder.makeProperty(PropertyBinder.java:259) - Building property id
[2013-11-25 14:26:15,720]DEBUG  3153[main] - org.hibernate.cfg.Ejb3Column.bind(Ejb3Column.java:196) - Binding column: Ejb3Column{table=org.hibernate.mapping.Table(StockItem), mappingColumn=description, insertable=true, updatable=true, unique=false}
[2013-11-25 14:26:15,720]DEBUG  3153[main] - org.hibernate.cfg.annotations.PropertyBinder.makePropertyAndValue(PropertyBinder.java:178) - MetadataSourceProcessor property description with lazy=false
[2013-11-25 14:26:15,721]DEBUG  3154[main] - org.hibernate.cfg.annotations.SimpleValueBinder.make(SimpleValueBinder.java:294) - building SimpleValue for description
[2013-11-25 14:26:15,721]DEBUG  3154[main] - org.hibernate.cfg.annotations.PropertyBinder.makeProperty(PropertyBinder.java:259) - Building property description
[2013-11-25 14:26:15,721]DEBUG  3154[main] - org.hibernate.cfg.Ejb3Column.bind(Ejb3Column.java:196) - Binding column: Ejb3Column{table=org.hibernate.mapping.Table(StockItem), mappingColumn=name, insertable=true, updatable=true, unique=false}
[2013-11-25 14:26:15,721]DEBUG  3154[main] - org.hibernate.cfg.annotations.PropertyBinder.makePropertyAndValue(PropertyBinder.java:178) - MetadataSourceProcessor property name with lazy=false
[2013-11-25 14:26:15,721]DEBUG  3154[main] - org.hibernate.cfg.annotations.SimpleValueBinder.make(SimpleValueBinder.java:294) - building SimpleValue for name
[2013-11-25 14:26:15,722]DEBUG  3155[main] - org.hibernate.cfg.annotations.PropertyBinder.makeProperty(PropertyBinder.java:259) - Building property name
[2013-11-25 14:26:15,722]DEBUG  3155[main] - org.hibernate.cfg.Ejb3Column.bind(Ejb3Column.java:196) - Binding column: Ejb3Column{table=org.hibernate.mapping.Table(StockItem), mappingColumn=price, insertable=true, updatable=true, unique=false}
[2013-11-25 14:26:15,722]DEBUG  3155[main] - org.hibernate.cfg.annotations.PropertyBinder.makePropertyAndValue(PropertyBinder.java:178) - MetadataSourceProcessor property price with lazy=false
[2013-11-25 14:26:15,722]DEBUG  3155[main] - org.hibernate.cfg.annotations.SimpleValueBinder.make(SimpleValueBinder.java:294) - building SimpleValue for price
[2013-11-25 14:26:15,723]DEBUG  3156[main] - org.hibernate.cfg.annotations.PropertyBinder.makeProperty(PropertyBinder.java:259) - Building property price
[2013-11-25 14:26:15,723]DEBUG  3156[main] - org.hibernate.cfg.Ejb3Column.bind(Ejb3Column.java:196) - Binding column: Ejb3Column{table=org.hibernate.mapping.Table(StockItem), mappingColumn=quantity, insertable=true, updatable=true, unique=false}
[2013-11-25 14:26:15,723]DEBUG  3156[main] - org.hibernate.cfg.annotations.PropertyBinder.makePropertyAndValue(PropertyBinder.java:178) - MetadataSourceProcessor property quantity with lazy=false
[2013-11-25 14:26:15,723]DEBUG  3156[main] - org.hibernate.cfg.annotations.SimpleValueBinder.make(SimpleValueBinder.java:294) - building SimpleValue for quantity
[2013-11-25 14:26:15,724]DEBUG  3157[main] - org.hibernate.cfg.annotations.PropertyBinder.makeProperty(PropertyBinder.java:259) - Building property quantity
[2013-11-25 14:26:15,724]DEBUG  3157[main] - org.hibernate.cfg.annotations.SimpleValueBinder.fillSimpleValue(SimpleValueBinder.java:332) - Setting SimpleValue typeName for id
[2013-11-25 14:26:15,725]DEBUG  3158[main] - org.hibernate.cfg.annotations.SimpleValueBinder.fillSimpleValue(SimpleValueBinder.java:332) - Setting SimpleValue typeName for name
[2013-11-25 14:26:15,725]DEBUG  3158[main] - org.hibernate.cfg.annotations.SimpleValueBinder.fillSimpleValue(SimpleValueBinder.java:332) - Setting SimpleValue typeName for price
[2013-11-25 14:26:15,725]DEBUG  3158[main] - org.hibernate.cfg.annotations.SimpleValueBinder.fillSimpleValue(SimpleValueBinder.java:332) - Setting SimpleValue typeName for quantity
[2013-11-25 14:26:15,725]DEBUG  3158[main] - org.hibernate.cfg.annotations.SimpleValueBinder.fillSimpleValue(SimpleValueBinder.java:332) - Setting SimpleValue typeName for id
[2013-11-25 14:26:15,725]DEBUG  3158[main] - org.hibernate.cfg.annotations.SimpleValueBinder.fillSimpleValue(SimpleValueBinder.java:332) - Setting SimpleValue typeName for description
[2013-11-25 14:26:15,725]DEBUG  3158[main] - org.hibernate.cfg.annotations.SimpleValueBinder.fillSimpleValue(SimpleValueBinder.java:332) - Setting SimpleValue typeName for name
[2013-11-25 14:26:15,726]DEBUG  3159[main] - org.hibernate.cfg.annotations.SimpleValueBinder.fillSimpleValue(SimpleValueBinder.java:332) - Setting SimpleValue typeName for price
[2013-11-25 14:26:15,726]DEBUG  3159[main] - org.hibernate.cfg.annotations.SimpleValueBinder.fillSimpleValue(SimpleValueBinder.java:332) - Setting SimpleValue typeName for quantity
[2013-11-25 14:26:15,727]DEBUG  3160[main] - org.hibernate.cfg.Configuration.processFkSecondPassInOrder(Configuration.java:1409) - Processing fk mappings (*ToOne and JoinedSubclass)
[2013-11-25 14:26:15,731]DEBUG  3164[main] - org.hibernate.cfg.Configuration.originalSecondPassCompile(Configuration.java:1589) - Processing extends queue
[2013-11-25 14:26:15,731]DEBUG  3164[main] - org.hibernate.cfg.Configuration.processExtendsQueue(Configuration.java:1643) - Processing extends queue
[2013-11-25 14:26:15,731]DEBUG  3164[main] - org.hibernate.cfg.Configuration.originalSecondPassCompile(Configuration.java:1592) - Processing collection mappings
[2013-11-25 14:26:15,731]DEBUG  3164[main] - org.hibernate.cfg.Configuration.originalSecondPassCompile(Configuration.java:1602) - Processing native query and ResultSetMapping mappings
[2013-11-25 14:26:15,731]DEBUG  3164[main] - org.hibernate.cfg.Configuration.originalSecondPassCompile(Configuration.java:1610) - Processing association property references
[2013-11-25 14:26:15,731]DEBUG  3164[main] - org.hibernate.cfg.Configuration.originalSecondPassCompile(Configuration.java:1632) - Processing foreign key constraints
[2013-11-25 14:26:15,731]DEBUG  3164[main] - org.hibernate.cfg.Configuration.secondPassCompileForeignKeys(Configuration.java:1700) - Resolving reference to class: ee.ut.math.tvt.salessystem.domain.data.StockItem
[2013-11-25 14:26:15,761] INFO  3194[main] - org.hibernate.service.jdbc.connections.internal.DriverManagerConnectionProviderImpl.configure(DriverManagerConnectionProviderImpl.java:96) - HHH000402: Using Hibernate built-in connection pool (not for production use!)
[2013-11-25 14:26:15,770] INFO  3203[main] - org.hibernate.service.jdbc.connections.internal.DriverManagerConnectionProviderImpl.configure(DriverManagerConnectionProviderImpl.java:130) - HHH000115: Hibernate connection pool size: 1
[2013-11-25 14:26:15,770] INFO  3203[main] - org.hibernate.service.jdbc.connections.internal.DriverManagerConnectionProviderImpl.configure(DriverManagerConnectionProviderImpl.java:133) - HHH000006: Autocommit mode: false
[2013-11-25 14:26:15,771] INFO  3204[main] - org.hibernate.service.jdbc.connections.internal.DriverManagerConnectionProviderImpl.configure(DriverManagerConnectionProviderImpl.java:147) - HHH000401: using driver [org.hsqldb.jdbcDriver] at URL [jdbc:hsqldb:hsql://localhost/POS]
[2013-11-25 14:26:15,771] INFO  3204[main] - org.hibernate.service.jdbc.connections.internal.DriverManagerConnectionProviderImpl.configure(DriverManagerConnectionProviderImpl.java:150) - HHH000046: Connection properties: {user=sa, password=}
[2013-11-25 14:26:15,799]DEBUG  3232[main] - org.hibernate.service.jdbc.connections.internal.DriverManagerConnectionProviderImpl.getConnection(DriverManagerConnectionProviderImpl.java:192) - Opening new JDBC connection
[2013-11-25 14:26:16,010] WARN  3443[main] - org.hibernate.engine.jdbc.internal.JdbcServicesImpl.configure(JdbcServicesImpl.java:169) - HHH000342: Could not obtain connection to query metadata : connection exception: connection failure: java.net.SocketException: Software caused connection abort: socket write error
[2013-11-25 14:26:16,026] INFO  3459[main] - org.hibernate.dialect.Dialect.<init>(Dialect.java:125) - HHH000400: Using dialect: org.hibernate.dialect.HSQLDialect
[2013-11-25 14:26:16,040] INFO  3473[main] - org.hibernate.engine.jdbc.internal.LobCreatorBuilder.useContextualLobCreation(LobCreatorBuilder.java:85) - HHH000422: Disabling contextual LOB creation as connection was null
[2013-11-25 14:26:16,060]DEBUG  3493[main] - org.hibernate.cfg.SettingsFactory.buildSettings(SettingsFactory.java:102) - Automatic flush during beforeCompletion(): disabled
[2013-11-25 14:26:16,060]DEBUG  3493[main] - org.hibernate.cfg.SettingsFactory.buildSettings(SettingsFactory.java:108) - Automatic session close at end of transaction: disabled
[2013-11-25 14:26:16,061]DEBUG  3494[main] - org.hibernate.cfg.SettingsFactory.buildSettings(SettingsFactory.java:135) - Scrollable result sets: disabled
[2013-11-25 14:26:16,061]DEBUG  3494[main] - org.hibernate.cfg.SettingsFactory.buildSettings(SettingsFactory.java:141) - Wrap result sets: disabled
[2013-11-25 14:26:16,061]DEBUG  3494[main] - org.hibernate.cfg.SettingsFactory.buildSettings(SettingsFactory.java:147) - JDBC3 getGeneratedKeys(): disabled
[2013-11-25 14:26:16,061]DEBUG  3494[main] - org.hibernate.cfg.SettingsFactory.buildSettings(SettingsFactory.java:159) - multi-tenancy strategy : NONE
[2013-11-25 14:26:16,061]DEBUG  3494[main] - org.hibernate.cfg.SettingsFactory.buildSettings(SettingsFactory.java:165) - Connection release mode: auto
[2013-11-25 14:26:16,061] INFO  3494[main] - org.hibernate.engine.transaction.internal.TransactionFactoryInitiator.initiateService(TransactionFactoryInitiator.java:68) - HHH000399: Using default transaction strategy (direct JDBC transactions)
[2013-11-25 14:26:16,065]DEBUG  3498[main] - org.hibernate.cfg.SettingsFactory.buildSettings(SettingsFactory.java:207) - Default batch fetch size: 1
[2013-11-25 14:26:16,066]DEBUG  3499[main] - org.hibernate.cfg.SettingsFactory.buildSettings(SettingsFactory.java:213) - Generate SQL with comments: disabled
[2013-11-25 14:26:16,066]DEBUG  3499[main] - org.hibernate.cfg.SettingsFactory.buildSettings(SettingsFactory.java:219) - Order SQL updates by primary key: disabled
[2013-11-25 14:26:16,066]DEBUG  3499[main] - org.hibernate.cfg.SettingsFactory.buildSettings(SettingsFactory.java:225) - Order SQL inserts for batching: disabled
[2013-11-25 14:26:16,066]DEBUG  3499[main] - org.hibernate.cfg.SettingsFactory.createQueryTranslatorFactory(SettingsFactory.java:450) - Query translator: org.hibernate.hql.internal.ast.ASTQueryTranslatorFactory
[2013-11-25 14:26:16,107] INFO  3540[main] - org.hibernate.hql.internal.ast.ASTQueryTranslatorFactory.<init>(ASTQueryTranslatorFactory.java:48) - HHH000397: Using ASTQueryTranslatorFactory
[2013-11-25 14:26:16,107]DEBUG  3540[main] - org.hibernate.cfg.SettingsFactory.buildSettings(SettingsFactory.java:235) - Query language substitutions: {}
[2013-11-25 14:26:16,108]DEBUG  3541[main] - org.hibernate.cfg.SettingsFactory.buildSettings(SettingsFactory.java:241) - JPA-QL strict compliance: disabled
[2013-11-25 14:26:16,108]DEBUG  3541[main] - org.hibernate.cfg.SettingsFactory.buildSettings(SettingsFactory.java:249) - Second-level cache: enabled
[2013-11-25 14:26:16,108]DEBUG  3541[main] - org.hibernate.cfg.SettingsFactory.buildSettings(SettingsFactory.java:255) - Query cache: disabled
[2013-11-25 14:26:16,108]DEBUG  3541[main] - org.hibernate.cfg.SettingsFactory.createRegionFactory(SettingsFactory.java:390) - Cache region factory : org.hibernate.cache.internal.NoCachingRegionFactory
[2013-11-25 14:26:16,110]DEBUG  3543[main] - org.hibernate.cfg.SettingsFactory.createRegionFactory(SettingsFactory.java:400) - org.hibernate.cache.internal.NoCachingRegionFactory did not provide constructor accepting java.util.Properties; attempting no-arg constructor.
[2013-11-25 14:26:16,110]DEBUG  3543[main] - org.hibernate.cfg.SettingsFactory.buildSettings(SettingsFactory.java:270) - Optimize cache for minimal puts: disabled
[2013-11-25 14:26:16,111]DEBUG  3544[main] - org.hibernate.cfg.SettingsFactory.buildSettings(SettingsFactory.java:285) - Structured second-level cache entries: disabled
[2013-11-25 14:26:16,111]DEBUG  3544[main] - org.hibernate.cfg.SettingsFactory.buildSettings(SettingsFactory.java:294) - Statistics: disabled
[2013-11-25 14:26:16,111]DEBUG  3544[main] - org.hibernate.cfg.SettingsFactory.buildSettings(SettingsFactory.java:300) - Deleted entity synthetic identifier rollback: disabled
[2013-11-25 14:26:16,111]DEBUG  3544[main] - org.hibernate.cfg.SettingsFactory.buildSettings(SettingsFactory.java:324) - Default entity-mode: pojo
[2013-11-25 14:26:16,112]DEBUG  3545[main] - org.hibernate.cfg.SettingsFactory.buildSettings(SettingsFactory.java:330) - Named query checking : enabled
[2013-11-25 14:26:16,112]DEBUG  3545[main] - org.hibernate.cfg.SettingsFactory.buildSettings(SettingsFactory.java:336) - Check Nullability in Core (should be disabled when Bean Validation is on): enabled
[2013-11-25 14:26:16,126]DEBUG  3559[main] - org.hibernate.internal.SessionFactoryImpl.<init>(SessionFactoryImpl.java:223) - Building session factory
[2013-11-25 14:26:16,322]DEBUG  3755[main] - org.hibernate.internal.SessionFactoryImpl.<init>(SessionFactoryImpl.java:275) - Session factory constructed with filter configurations : {}
[2013-11-25 14:26:16,323]DEBUG  3756[main] - org.hibernate.internal.SessionFactoryImpl.<init>(SessionFactoryImpl.java:276) - Instantiating session factory with properties: {java.runtime.name=Java(TM) SE Runtime Environment, hibernate.connection.password=, sun.boot.library.path=C:\Program Files\Java\jdk1.7.0_40\jre\bin, java.vm.version=24.0-b56, hibernate.connection.username=sa, user.country.format=EE, java.vm.vendor=Oracle Corporation, java.vendor.url=http://java.oracle.com/, path.separator=;, java.vm.name=Java HotSpot(TM) 64-Bit Server VM, file.encoding.pkg=sun.io, user.script=, user.country=US, sun.java.launcher=SUN_STANDARD, sun.os.patch.level=Service Pack 1, java.vm.specification.name=Java Virtual Machine Specification, user.dir=C:\Users\Kristiina\Desktop\UNI\Tarkvaratehnika\POS\task1, java.runtime.version=1.7.0_40-b43, java.awt.graphicsenv=sun.awt.Win32GraphicsEnvironment, java.endorsed.dirs=C:\Program Files\Java\jdk1.7.0_40\jre\lib\endorsed, os.arch=amd64, java.io.tmpdir=C:\Users\KRISTI~1\AppData\Local\Temp\, line.separator=
, java.vm.specification.vendor=Oracle Corporation, user.variant=, os.name=Windows 7, sun.jnu.encoding=Cp1257, java.library.path=C:\Program Files\Java\jdk1.7.0_40\bin;C:\Windows\Sun\Java\bin;C:\Windows\system32;C:\Windows;C:\Program Files (x86)\Estonian ID Card\;C:\Program Files\Common Files\Microsoft Shared\Windows Live;C:\Program Files (x86)\Common Files\Microsoft Shared\Windows Live;C:\Windows\system32;C:\Windows;C:\Windows\System32\Wbem;C:\Windows\System32\WindowsPowerShell\v1.0\;C:\Program Files\TortoiseSVN\bin;C:\Python32\;C:\Program Files (x86)\Java\jdk1.7.0_07\bin\;C:\Program Files (x86)\Windows Live\Shared;C:\Program Files\WIDCOMM\Bluetooth Software\;C:\Program Files\WIDCOMM\Bluetooth Software\syswow64;C:\Program Files\SQL Anywhere 12\bin64;C:\Program Files\SQL Anywhere 12\bin32;C:\Program Files (x86)\Common Files\Adobe\AGL;C:\Program Files (x86)\Git\cmd;., java.specification.name=Java Platform API Specification, java.class.version=51.0, hibernate.connection.pool_size=1, sun.management.compiler=HotSpot 64-Bit Tiered Compilers, os.version=6.1, user.home=C:\Users\Kristiina, connection.password=, user.timezone=Europe/Helsinki, java.awt.printerjob=sun.awt.windows.WPrinterJob, connection.username=sa, java.specification.version=1.7, file.encoding=Cp1257, hibernate.connection.driver_class=org.hsqldb.jdbcDriver, show_sql=true, user.name=Kristiina, java.class.path=C:\Users\Kristiina\Desktop\UNI\Tarkvaratehnika\POS\task1\bin;C:\Users\Kristiina\Desktop\UNI\Tarkvaratehnika\POS\task1\lib\log4j-1.2.17.jar;C:\Users\Kristiina\Desktop\UNI\Tarkvaratehnika\POS\task1\lib\jgoodies-looks-2.5.3.jar;C:\Users\Kristiina\Desktop\UNI\Tarkvaratehnika\POS\task1\lib\jgoodies-common-1.6.0.jar;C:\Users\Kristiina\Desktop\UNI\Tarkvaratehnika\POS\task1\lib\hibernate\antlr-2.7.7.jar;C:\Users\Kristiina\Desktop\UNI\Tarkvaratehnika\POS\task1\lib\hibernate\dom4j-1.6.1.jar;C:\Users\Kristiina\Desktop\UNI\Tarkvaratehnika\POS\task1\lib\hibernate\ehcache-core-2.4.3.jar;C:\Users\Kristiina\Desktop\UNI\Tarkvaratehnika\POS\task1\lib\hibernate\hibernate-commons-annotations-4.0.1.Final.jar;C:\Users\Kristiina\Desktop\UNI\Tarkvaratehnika\POS\task1\lib\hibernate\hibernate-core-4.1.7.Final.jar;C:\Users\Kristiina\Desktop\UNI\Tarkvaratehnika\POS\task1\lib\hibernate\hibernate-ehcache-4.1.7.Final.jar;C:\Users\Kristiina\Desktop\UNI\Tarkvaratehnika\POS\task1\lib\hibernate\hibernate-jpa-2.0-api-1.0.1.Final.jar;C:\Users\Kristiina\Desktop\UNI\Tarkvaratehnika\POS\task1\lib\hibernate\javassist-3.15.0-GA.jar;C:\Users\Kristiina\Desktop\UNI\Tarkvaratehnika\POS\task1\lib\hibernate\jboss-logging-3.1.0.GA.jar;C:\Users\Kristiina\Desktop\UNI\Tarkvaratehnika\POS\task1\lib\hibernate\jboss-transaction-api_1.1_spec-1.0.0.Final.jar;C:\Users\Kristiina\Desktop\UNI\Tarkvaratehnika\POS\task1\lib\hibernate\slf4j-api-1.6.1.jar;C:\Users\Kristiina\Desktop\UNI\Tarkvaratehnika\POS\task1\lib\commons-logging-1.1.1.jar;C:\Users\Kristiina\Desktop\UNI\Tarkvaratehnika\POS\task1\lib\hsqldb.jar;C:\Users\Kristiina\Desktop\UNI\Tarkvaratehnika\POS\task1\lib\xercesImpl.jar;C:\Users\Kristiina\Desktop\UNI\Tarkvaratehnika\POS\task1\lib\xml-apis.jar;C:\eclipse\plugins\org.junit_4.11.0.v201303080030\junit.jar;C:\eclipse\plugins\org.hamcrest.core_1.3.0.v201303031735.jar, hibernate.bytecode.use_reflection_optimizer=false, hibernate.show_sql=true, java.vm.specification.version=1.7, sun.arch.data.model=64, java.home=C:\Program Files\Java\jdk1.7.0_40\jre, sun.java.command=ee.ut.math.tvt.TheTeam.Intro, hibernate.connection.url=jdbc:hsqldb:hsql://localhost/POS, hibernate.dialect=org.hibernate.dialect.HSQLDialect, java.specification.vendor=Oracle Corporation, user.language=en, connection.pool_size=1, user.language.format=et, awt.toolkit=sun.awt.windows.WToolkit, java.vm.info=mixed mode, java.version=1.7.0_40, java.ext.dirs=C:\Program Files\Java\jdk1.7.0_40\jre\lib\ext;C:\Windows\Sun\Java\lib\ext, sun.boot.class.path=C:\Program Files\Java\jdk1.7.0_40\jre\lib\resources.jar;C:\Program Files\Java\jdk1.7.0_40\jre\lib\rt.jar;C:\Program Files\Java\jdk1.7.0_40\jre\lib\sunrsasign.jar;C:\Program Files\Java\jdk1.7.0_40\jre\lib\jsse.jar;C:\Program Files\Java\jdk1.7.0_40\jre\lib\jce.jar;C:\Program Files\Java\jdk1.7.0_40\jre\lib\charsets.jar;C:\Program Files\Java\jdk1.7.0_40\jre\lib\jfr.jar;C:\Program Files\Java\jdk1.7.0_40\jre\classes, java.vendor=Oracle Corporation, file.separator=\, connection.driver_class=org.hsqldb.jdbcDriver, java.vendor.url.bug=http://bugreport.sun.com/bugreport/, sun.cpu.endian=little, sun.io.unicode.encoding=UnicodeLittle, sun.desktop=windows, connection.url=jdbc:hsqldb:hsql://localhost/POS, sun.cpu.isalist=amd64, dialect=org.hibernate.dialect.HSQLDialect}
[2013-11-25 14:26:16,404]DEBUG  3837[main] - org.hibernate.id.factory.internal.DefaultIdentifierGeneratorFactory.setDialect(DefaultIdentifierGeneratorFactory.java:107) - Setting dialect [org.hibernate.dialect.HSQLDialect]
[2013-11-25 14:26:16,448]DEBUG  3881[main] - org.hibernate.id.factory.internal.DefaultIdentifierGeneratorFactory.setDialect(DefaultIdentifierGeneratorFactory.java:107) - Setting dialect [org.hibernate.dialect.HSQLDialect]
[2013-11-25 14:26:16,798]DEBUG  4231[main] - org.hibernate.persister.entity.AbstractEntityPersister.logStaticSQL(AbstractEntityPersister.java:3486) - Static SQL for entity: ee.ut.math.tvt.salessystem.domain.data.StockItem
[2013-11-25 14:26:16,798]DEBUG  4231[main] - org.hibernate.persister.entity.AbstractEntityPersister.logStaticSQL(AbstractEntityPersister.java:3491) -  Version select: select id from StockItem where id =?
[2013-11-25 14:26:16,798]DEBUG  4231[main] - org.hibernate.persister.entity.AbstractEntityPersister.logStaticSQL(AbstractEntityPersister.java:3494) -  Snapshot select: select stockitem_.id, stockitem_.description as descript2_1_, stockitem_.name as name1_, stockitem_.price as price1_, stockitem_.quantity as quantity1_ from StockItem stockitem_ where stockitem_.id=?
[2013-11-25 14:26:16,798]DEBUG  4231[main] - org.hibernate.persister.entity.AbstractEntityPersister.logStaticSQL(AbstractEntityPersister.java:3497) -  Insert 0: insert into StockItem (description, name, price, quantity, id) values (?, ?, ?, ?, ?)
[2013-11-25 14:26:16,799]DEBUG  4232[main] - org.hibernate.persister.entity.AbstractEntityPersister.logStaticSQL(AbstractEntityPersister.java:3498) -  Update 0: update StockItem set description=?, name=?, price=?, quantity=? where id=?
[2013-11-25 14:26:16,799]DEBUG  4232[main] - org.hibernate.persister.entity.AbstractEntityPersister.logStaticSQL(AbstractEntityPersister.java:3499) -  Delete 0: delete from StockItem where id=?
[2013-11-25 14:26:16,799]DEBUG  4232[main] - org.hibernate.persister.entity.AbstractEntityPersister.logStaticSQL(AbstractEntityPersister.java:3502) -  Identity insert: insert into StockItem (id, description, name, price, quantity) values (default, ?, ?, ?, ?)
[2013-11-25 14:26:16,800] INFO  4233[main] - org.hibernate.tuple.PojoInstantiator.<init>(PojoInstantiator.java:85) - HHH000182: No default (no-argument) constructor for class: ee.ut.math.tvt.salessystem.domain.data.SoldItem (class must be instantiated by Interceptor)
[2013-11-25 14:26:16,804]DEBUG  4237[main] - org.hibernate.persister.entity.AbstractEntityPersister.logStaticSQL(AbstractEntityPersister.java:3486) - Static SQL for entity: ee.ut.math.tvt.salessystem.domain.data.SoldItem
[2013-11-25 14:26:16,804]DEBUG  4237[main] - org.hibernate.persister.entity.AbstractEntityPersister.logStaticSQL(AbstractEntityPersister.java:3491) -  Version select: select id from SoldItem where id =?
[2013-11-25 14:26:16,804]DEBUG  4237[main] - org.hibernate.persister.entity.AbstractEntityPersister.logStaticSQL(AbstractEntityPersister.java:3494) -  Snapshot select: select solditem_.id, solditem_.name as name0_, solditem_.price as price0_, solditem_.quantity as quantity0_ from SoldItem solditem_ where solditem_.id=?
[2013-11-25 14:26:16,804]DEBUG  4237[main] - org.hibernate.persister.entity.AbstractEntityPersister.logStaticSQL(AbstractEntityPersister.java:3497) -  Insert 0: insert into SoldItem (name, price, quantity, STOCKITEM_ID, id) values (?, ?, ?, ?, ?)
[2013-11-25 14:26:16,804]DEBUG  4237[main] - org.hibernate.persister.entity.AbstractEntityPersister.logStaticSQL(AbstractEntityPersister.java:3498) -  Update 0: update SoldItem set name=?, price=?, quantity=? where id=?
[2013-11-25 14:26:16,805]DEBUG  4238[main] - org.hibernate.persister.entity.AbstractEntityPersister.logStaticSQL(AbstractEntityPersister.java:3499) -  Delete 0: delete from SoldItem where id=?
[2013-11-25 14:26:16,805]DEBUG  4238[main] - org.hibernate.persister.entity.AbstractEntityPersister.logStaticSQL(AbstractEntityPersister.java:3502) -  Identity insert: insert into SoldItem (id, name, price, quantity, STOCKITEM_ID) values (default, ?, ?, ?, ?)
[2013-11-25 14:26:16,852]DEBUG  4285[main] - org.hibernate.loader.entity.EntityLoader.<init>(EntityLoader.java:123) - Static select for entity ee.ut.math.tvt.salessystem.domain.data.StockItem [NONE]: select stockitem0_.id as id1_0_, stockitem0_.description as descript2_1_0_, stockitem0_.name as name1_0_, stockitem0_.price as price1_0_, stockitem0_.quantity as quantity1_0_ from StockItem stockitem0_ where stockitem0_.id=?
[2013-11-25 14:26:16,852]DEBUG  4285[main] - org.hibernate.loader.entity.EntityLoader.<init>(EntityLoader.java:123) - Static select for entity ee.ut.math.tvt.salessystem.domain.data.StockItem [READ]: select stockitem0_.id as id1_0_, stockitem0_.description as descript2_1_0_, stockitem0_.name as name1_0_, stockitem0_.price as price1_0_, stockitem0_.quantity as quantity1_0_ from StockItem stockitem0_ where stockitem0_.id=?
[2013-11-25 14:26:16,853]DEBUG  4286[main] - org.hibernate.loader.entity.EntityLoader.<init>(EntityLoader.java:123) - Static select for entity ee.ut.math.tvt.salessystem.domain.data.StockItem [UPGRADE]: select stockitem0_.id as id1_0_, stockitem0_.description as descript2_1_0_, stockitem0_.name as name1_0_, stockitem0_.price as price1_0_, stockitem0_.quantity as quantity1_0_ from StockItem stockitem0_ where stockitem0_.id=?
[2013-11-25 14:26:16,853]DEBUG  4286[main] - org.hibernate.loader.entity.EntityLoader.<init>(EntityLoader.java:123) - Static select for entity ee.ut.math.tvt.salessystem.domain.data.StockItem [UPGRADE_NOWAIT]: select stockitem0_.id as id1_0_, stockitem0_.description as descript2_1_0_, stockitem0_.name as name1_0_, stockitem0_.price as price1_0_, stockitem0_.quantity as quantity1_0_ from StockItem stockitem0_ where stockitem0_.id=?
[2013-11-25 14:26:16,853]DEBUG  4286[main] - org.hibernate.loader.entity.EntityLoader.<init>(EntityLoader.java:123) - Static select for entity ee.ut.math.tvt.salessystem.domain.data.StockItem [FORCE]: select stockitem0_.id as id1_0_, stockitem0_.description as descript2_1_0_, stockitem0_.name as name1_0_, stockitem0_.price as price1_0_, stockitem0_.quantity as quantity1_0_ from StockItem stockitem0_ where stockitem0_.id=?
[2013-11-25 14:26:16,854]DEBUG  4287[main] - org.hibernate.loader.entity.EntityLoader.<init>(EntityLoader.java:123) - Static select for entity ee.ut.math.tvt.salessystem.domain.data.StockItem [PESSIMISTIC_READ]: select stockitem0_.id as id1_0_, stockitem0_.description as descript2_1_0_, stockitem0_.name as name1_0_, stockitem0_.price as price1_0_, stockitem0_.quantity as quantity1_0_ from StockItem stockitem0_ where stockitem0_.id=?
[2013-11-25 14:26:16,854]DEBUG  4287[main] - org.hibernate.loader.entity.EntityLoader.<init>(EntityLoader.java:123) - Static select for entity ee.ut.math.tvt.salessystem.domain.data.StockItem [PESSIMISTIC_WRITE]: select stockitem0_.id as id1_0_, stockitem0_.description as descript2_1_0_, stockitem0_.name as name1_0_, stockitem0_.price as price1_0_, stockitem0_.quantity as quantity1_0_ from StockItem stockitem0_ where stockitem0_.id=?
[2013-11-25 14:26:16,854]DEBUG  4287[main] - org.hibernate.loader.entity.EntityLoader.<init>(EntityLoader.java:123) - Static select for entity ee.ut.math.tvt.salessystem.domain.data.StockItem [PESSIMISTIC_FORCE_INCREMENT]: select stockitem0_.id as id1_0_, stockitem0_.description as descript2_1_0_, stockitem0_.name as name1_0_, stockitem0_.price as price1_0_, stockitem0_.quantity as quantity1_0_ from StockItem stockitem0_ where stockitem0_.id=?
[2013-11-25 14:26:16,855]DEBUG  4288[main] - org.hibernate.loader.entity.EntityLoader.<init>(EntityLoader.java:123) - Static select for entity ee.ut.math.tvt.salessystem.domain.data.StockItem [OPTIMISTIC]: select stockitem0_.id as id1_0_, stockitem0_.description as descript2_1_0_, stockitem0_.name as name1_0_, stockitem0_.price as price1_0_, stockitem0_.quantity as quantity1_0_ from StockItem stockitem0_ where stockitem0_.id=?
[2013-11-25 14:26:16,855]DEBUG  4288[main] - org.hibernate.loader.entity.EntityLoader.<init>(EntityLoader.java:123) - Static select for entity ee.ut.math.tvt.salessystem.domain.data.StockItem [OPTIMISTIC_FORCE_INCREMENT]: select stockitem0_.id as id1_0_, stockitem0_.description as descript2_1_0_, stockitem0_.name as name1_0_, stockitem0_.price as price1_0_, stockitem0_.quantity as quantity1_0_ from StockItem stockitem0_ where stockitem0_.id=?
[2013-11-25 14:26:16,862]DEBUG  4295[main] - org.hibernate.loader.entity.CascadeEntityLoader.<init>(CascadeEntityLoader.java:56) - Static select for action ACTION_MERGE on entity ee.ut.math.tvt.salessystem.domain.data.StockItem: select stockitem0_.id as id1_0_, stockitem0_.description as descript2_1_0_, stockitem0_.name as name1_0_, stockitem0_.price as price1_0_, stockitem0_.quantity as quantity1_0_ from StockItem stockitem0_ where stockitem0_.id=?
[2013-11-25 14:26:16,863]DEBUG  4296[main] - org.hibernate.loader.entity.CascadeEntityLoader.<init>(CascadeEntityLoader.java:56) - Static select for action ACTION_REFRESH on entity ee.ut.math.tvt.salessystem.domain.data.StockItem: select stockitem0_.id as id1_0_, stockitem0_.description as descript2_1_0_, stockitem0_.name as name1_0_, stockitem0_.price as price1_0_, stockitem0_.quantity as quantity1_0_ from StockItem stockitem0_ where stockitem0_.id=?
[2013-11-25 14:26:16,865]DEBUG  4298[main] - org.hibernate.loader.entity.EntityLoader.<init>(EntityLoader.java:123) - Static select for entity ee.ut.math.tvt.salessystem.domain.data.SoldItem [NONE]: select solditem0_.id as id0_1_, solditem0_.name as name0_1_, solditem0_.price as price0_1_, solditem0_.quantity as quantity0_1_, solditem0_.STOCKITEM_ID as STOCKITEM5_0_1_, stockitem1_.id as id1_0_, stockitem1_.description as descript2_1_0_, stockitem1_.name as name1_0_, stockitem1_.price as price1_0_, stockitem1_.quantity as quantity1_0_ from SoldItem solditem0_ inner join StockItem stockitem1_ on solditem0_.STOCKITEM_ID=stockitem1_.id where solditem0_.id=?
[2013-11-25 14:26:16,866]DEBUG  4299[main] - org.hibernate.loader.entity.EntityLoader.<init>(EntityLoader.java:123) - Static select for entity ee.ut.math.tvt.salessystem.domain.data.SoldItem [READ]: select solditem0_.id as id0_1_, solditem0_.name as name0_1_, solditem0_.price as price0_1_, solditem0_.quantity as quantity0_1_, solditem0_.STOCKITEM_ID as STOCKITEM5_0_1_, stockitem1_.id as id1_0_, stockitem1_.description as descript2_1_0_, stockitem1_.name as name1_0_, stockitem1_.price as price1_0_, stockitem1_.quantity as quantity1_0_ from SoldItem solditem0_ inner join StockItem stockitem1_ on solditem0_.STOCKITEM_ID=stockitem1_.id where solditem0_.id=?
[2013-11-25 14:26:16,866]DEBUG  4299[main] - org.hibernate.loader.entity.EntityLoader.<init>(EntityLoader.java:123) - Static select for entity ee.ut.math.tvt.salessystem.domain.data.SoldItem [UPGRADE]: select solditem0_.id as id0_0_, solditem0_.name as name0_0_, solditem0_.price as price0_0_, solditem0_.quantity as quantity0_0_, solditem0_.STOCKITEM_ID as STOCKITEM5_0_0_ from SoldItem solditem0_ where solditem0_.id=?
[2013-11-25 14:26:16,866]DEBUG  4299[main] - org.hibernate.loader.entity.EntityLoader.<init>(EntityLoader.java:123) - Static select for entity ee.ut.math.tvt.salessystem.domain.data.SoldItem [UPGRADE_NOWAIT]: select solditem0_.id as id0_0_, solditem0_.name as name0_0_, solditem0_.price as price0_0_, solditem0_.quantity as quantity0_0_, solditem0_.STOCKITEM_ID as STOCKITEM5_0_0_ from SoldItem solditem0_ where solditem0_.id=?
[2013-11-25 14:26:16,867]DEBUG  4300[main] - org.hibernate.loader.entity.EntityLoader.<init>(EntityLoader.java:123) - Static select for entity ee.ut.math.tvt.salessystem.domain.data.SoldItem [FORCE]: select solditem0_.id as id0_0_, solditem0_.name as name0_0_, solditem0_.price as price0_0_, solditem0_.quantity as quantity0_0_, solditem0_.STOCKITEM_ID as STOCKITEM5_0_0_ from SoldItem solditem0_ where solditem0_.id=?
[2013-11-25 14:26:16,867]DEBUG  4300[main] - org.hibernate.loader.entity.EntityLoader.<init>(EntityLoader.java:123) - Static select for entity ee.ut.math.tvt.salessystem.domain.data.SoldItem [PESSIMISTIC_READ]: select solditem0_.id as id0_0_, solditem0_.name as name0_0_, solditem0_.price as price0_0_, solditem0_.quantity as quantity0_0_, solditem0_.STOCKITEM_ID as STOCKITEM5_0_0_ from SoldItem solditem0_ where solditem0_.id=?
[2013-11-25 14:26:16,867]DEBUG  4300[main] - org.hibernate.loader.entity.EntityLoader.<init>(EntityLoader.java:123) - Static select for entity ee.ut.math.tvt.salessystem.domain.data.SoldItem [PESSIMISTIC_WRITE]: select solditem0_.id as id0_0_, solditem0_.name as name0_0_, solditem0_.price as price0_0_, solditem0_.quantity as quantity0_0_, solditem0_.STOCKITEM_ID as STOCKITEM5_0_0_ from SoldItem solditem0_ where solditem0_.id=?
[2013-11-25 14:26:16,868]DEBUG  4301[main] - org.hibernate.loader.entity.EntityLoader.<init>(EntityLoader.java:123) - Static select for entity ee.ut.math.tvt.salessystem.domain.data.SoldItem [PESSIMISTIC_FORCE_INCREMENT]: select solditem0_.id as id0_0_, solditem0_.name as name0_0_, solditem0_.price as price0_0_, solditem0_.quantity as quantity0_0_, solditem0_.STOCKITEM_ID as STOCKITEM5_0_0_ from SoldItem solditem0_ where solditem0_.id=?
[2013-11-25 14:26:16,868]DEBUG  4301[main] - org.hibernate.loader.entity.EntityLoader.<init>(EntityLoader.java:123) - Static select for entity ee.ut.math.tvt.salessystem.domain.data.SoldItem [OPTIMISTIC]: select solditem0_.id as id0_0_, solditem0_.name as name0_0_, solditem0_.price as price0_0_, solditem0_.quantity as quantity0_0_, solditem0_.STOCKITEM_ID as STOCKITEM5_0_0_ from SoldItem solditem0_ where solditem0_.id=?
[2013-11-25 14:26:16,868]DEBUG  4301[main] - org.hibernate.loader.entity.EntityLoader.<init>(EntityLoader.java:123) - Static select for entity ee.ut.math.tvt.salessystem.domain.data.SoldItem [OPTIMISTIC_FORCE_INCREMENT]: select solditem0_.id as id0_0_, solditem0_.name as name0_0_, solditem0_.price as price0_0_, solditem0_.quantity as quantity0_0_, solditem0_.STOCKITEM_ID as STOCKITEM5_0_0_ from SoldItem solditem0_ where solditem0_.id=?
[2013-11-25 14:26:16,869]DEBUG  4302[main] - org.hibernate.loader.entity.CascadeEntityLoader.<init>(CascadeEntityLoader.java:56) - Static select for action ACTION_MERGE on entity ee.ut.math.tvt.salessystem.domain.data.SoldItem: select solditem0_.id as id0_0_, solditem0_.name as name0_0_, solditem0_.price as price0_0_, solditem0_.quantity as quantity0_0_, solditem0_.STOCKITEM_ID as STOCKITEM5_0_0_ from SoldItem solditem0_ where solditem0_.id=?
[2013-11-25 14:26:16,869]DEBUG  4302[main] - org.hibernate.loader.entity.CascadeEntityLoader.<init>(CascadeEntityLoader.java:56) - Static select for action ACTION_REFRESH on entity ee.ut.math.tvt.salessystem.domain.data.SoldItem: select solditem0_.id as id0_0_, solditem0_.name as name0_0_, solditem0_.price as price0_0_, solditem0_.quantity as quantity0_0_, solditem0_.STOCKITEM_ID as STOCKITEM5_0_0_ from SoldItem solditem0_ where solditem0_.id=?
[2013-11-25 14:26:17,085]DEBUG  4518[main] - org.hibernate.internal.SessionFactoryRegistry.<init>(SessionFactoryRegistry.java:62) - Initializing SessionFactoryRegistry : org.hibernate.internal.SessionFactoryRegistry@2737fac1
[2013-11-25 14:26:17,101]DEBUG  4534[main] - org.hibernate.internal.SessionFactoryRegistry.addSessionFactory(SessionFactoryRegistry.java:75) - Registering SessionFactory: ac141336-2031-4f1c-b0ec-3fc3d12d6263 (<unnamed>)
[2013-11-25 14:26:17,101]DEBUG  4534[main] - org.hibernate.internal.SessionFactoryRegistry.addSessionFactory(SessionFactoryRegistry.java:82) - Not binding SessionFactory to JNDI, no JNDI name configured
[2013-11-25 14:26:17,101]DEBUG  4534[main] - org.hibernate.internal.SessionFactoryImpl.<init>(SessionFactoryImpl.java:484) - Instantiated session factory
[2013-11-25 14:26:17,101]DEBUG  4534[main] - org.hibernate.internal.SessionFactoryImpl.checkNamedQueries(SessionFactoryImpl.java:1021) - Checking 0 named HQL queries
[2013-11-25 14:26:17,102]DEBUG  4535[main] - org.hibernate.internal.SessionFactoryImpl.checkNamedQueries(SessionFactoryImpl.java:1044) - Checking 0 named SQL queries
[2013-11-25 14:26:17,108]DEBUG  4541[main] - org.hibernate.stat.internal.StatisticsInitiator.initiateServiceInternal(StatisticsInitiator.java:110) - Statistics initialized [enabled=false]
[2013-11-25 14:26:17,158]DEBUG  4591[main] - org.hibernate.internal.SessionImpl.<init>(SessionImpl.java:312) - Opened session at timestamp: 13853823771
[2013-11-25 14:26:17,709]DEBUG  5142[main] - org.hibernate.hql.internal.ast.QueryTranslatorImpl.parse(QueryTranslatorImpl.java:265) - parse() - HQL: from ee.ut.math.tvt.salessystem.domain.data.StockItem
[2013-11-25 14:26:17,723]DEBUG  5156[main] - org.hibernate.hql.internal.ast.QueryTranslatorImpl.showHqlAst(QueryTranslatorImpl.java:283) - --- HQL AST ---
 \-[QUERY] Node: 'query'
    \-[SELECT_FROM] Node: 'SELECT_FROM'
       \-[FROM] Node: 'from'
          \-[RANGE] Node: 'RANGE'
             \-[DOT] Node: '.'
                +-[DOT] Node: '.'
                |  +-[DOT] Node: '.'
                |  |  +-[DOT] Node: '.'
                |  |  |  +-[DOT] Node: '.'
                |  |  |  |  +-[DOT] Node: '.'
                |  |  |  |  |  +-[DOT] Node: '.'
                |  |  |  |  |  |  +-[IDENT] Node: 'ee'
                |  |  |  |  |  |  \-[IDENT] Node: 'ut'
                |  |  |  |  |  \-[IDENT] Node: 'math'
                |  |  |  |  \-[IDENT] Node: 'tvt'
                |  |  |  \-[IDENT] Node: 'salessystem'
                |  |  \-[IDENT] Node: 'domain'
                |  \-[IDENT] Node: 'data'
                \-[IDENT] Node: 'StockItem'

[2013-11-25 14:26:17,723]DEBUG  5156[main] - org.hibernate.hql.internal.ast.ErrorCounter.throwQueryException(ErrorCounter.java:82) - throwQueryException() : no errors
[2013-11-25 14:26:17,759]DEBUG  5192[main] - org.hibernate.hql.internal.antlr.HqlSqlBaseWalker.beforeStatement(HqlSqlBaseWalker.java:121) - select << begin [level=1, statement=select]
[2013-11-25 14:26:17,778]DEBUG  5211[main] - org.hibernate.hql.internal.ast.tree.FromElement.doInitialize(FromElement.java:157) - FromClause{level=1} : ee.ut.math.tvt.salessystem.domain.data.StockItem (<no alias>) -> stockitem0_
[2013-11-25 14:26:17,779]DEBUG  5212[main] - org.hibernate.hql.internal.antlr.HqlSqlBaseWalker.beforeStatementCompletion(HqlSqlBaseWalker.java:125) - select : finishing up [level=1, statement=select]
[2013-11-25 14:26:17,779]DEBUG  5212[main] - org.hibernate.hql.internal.ast.HqlSqlWalker.processQuery(HqlSqlWalker.java:629) - processQuery() :  ( SELECT ( FromClause{level=1} StockItem stockitem0_ ) )
[2013-11-25 14:26:17,783]DEBUG  5216[main] - org.hibernate.hql.internal.ast.HqlSqlWalker.createSelectClauseFromFromClause(HqlSqlWalker.java:869) - Derived SELECT clause created.
[2013-11-25 14:26:17,788]DEBUG  5221[main] - org.hibernate.hql.internal.ast.util.JoinProcessor.addJoinNodes(JoinProcessor.java:175) - Using FROM fragment [StockItem stockitem0_]
[2013-11-25 14:26:17,788]DEBUG  5221[main] - org.hibernate.hql.internal.antlr.HqlSqlBaseWalker.afterStatementCompletion(HqlSqlBaseWalker.java:129) - select >> end [level=1, statement=select]
[2013-11-25 14:26:17,789]DEBUG  5222[main] - org.hibernate.hql.internal.ast.QueryTranslatorImpl.analyze(QueryTranslatorImpl.java:252) - --- SQL AST ---
 \-[SELECT] QueryNode: 'SELECT'  querySpaces (StockItem)
    +-[SELECT_CLAUSE] SelectClause: '{derived select clause}'
    |  +-[SELECT_EXPR] SelectExpressionImpl: 'stockitem0_.id as id1_' {FromElement{explicit,not a collection join,not a fetch join,fetch non-lazy properties,classAlias=null,role=null,tableName=StockItem,tableAlias=stockitem0_,origin=null,columns={,className=ee.ut.math.tvt.salessystem.domain.data.StockItem}}}
    |  \-[SQL_TOKEN] SqlFragment: 'stockitem0_.description as descript2_1_, stockitem0_.name as name1_, stockitem0_.price as price1_, stockitem0_.quantity as quantity1_'
    \-[FROM] FromClause: 'from' FromClause{level=1, fromElementCounter=1, fromElements=1, fromElementByClassAlias=[], fromElementByTableAlias=[stockitem0_], fromElementsByPath=[], collectionJoinFromElementsByPath=[], impliedElements=[]}
       \-[FROM_FRAGMENT] FromElement: 'StockItem stockitem0_' FromElement{explicit,not a collection join,not a fetch join,fetch non-lazy properties,classAlias=null,role=null,tableName=StockItem,tableAlias=stockitem0_,origin=null,columns={,className=ee.ut.math.tvt.salessystem.domain.data.StockItem}}

[2013-11-25 14:26:17,789]DEBUG  5222[main] - org.hibernate.hql.internal.ast.ErrorCounter.throwQueryException(ErrorCounter.java:82) - throwQueryException() : no errors
[2013-11-25 14:26:17,797]DEBUG  5230[main] - org.hibernate.hql.internal.ast.QueryTranslatorImpl.generate(QueryTranslatorImpl.java:235) - HQL: from ee.ut.math.tvt.salessystem.domain.data.StockItem
[2013-11-25 14:26:17,797]DEBUG  5230[main] - org.hibernate.hql.internal.ast.QueryTranslatorImpl.generate(QueryTranslatorImpl.java:236) - SQL: select stockitem0_.id as id1_, stockitem0_.description as descript2_1_, stockitem0_.name as name1_, stockitem0_.price as price1_, stockitem0_.quantity as quantity1_ from StockItem stockitem0_
[2013-11-25 14:26:17,798]DEBUG  5231[main] - org.hibernate.hql.internal.ast.ErrorCounter.throwQueryException(ErrorCounter.java:82) - throwQueryException() : no errors
[2013-11-25 14:26:17,845]DEBUG  5278[main] - org.hibernate.engine.jdbc.internal.LogicalConnectionImpl.obtainConnection(LogicalConnectionImpl.java:295) - Obtaining JDBC connection
[2013-11-25 14:26:17,845]DEBUG  5278[main] - org.hibernate.service.jdbc.connections.internal.DriverManagerConnectionProviderImpl.getConnection(DriverManagerConnectionProviderImpl.java:192) - Opening new JDBC connection
[2013-11-25 14:26:17,847]DEBUG  5280[main] - org.hibernate.engine.jdbc.spi.SqlExceptionHelper.logExceptions(SqlExceptionHelper.java:139) - Could not open connection [n/a]
java.sql.SQLTransientConnectionException: connection exception: connection failure: java.io.EOFException
	at org.hsqldb.jdbc.Util.sqlException(Unknown Source)
	at org.hsqldb.jdbc.Util.sqlException(Unknown Source)
	at org.hsqldb.jdbc.JDBCConnection.<init>(Unknown Source)
	at org.hsqldb.jdbc.JDBCDriver.getConnection(Unknown Source)
	at org.hsqldb.jdbc.JDBCDriver.connect(Unknown Source)
	at java.sql.DriverManager.getConnection(DriverManager.java:571)
	at java.sql.DriverManager.getConnection(DriverManager.java:187)
	at org.hibernate.service.jdbc.connections.internal.DriverManagerConnectionProviderImpl.getConnection(DriverManagerConnectionProviderImpl.java:193)
	at org.hibernate.internal.AbstractSessionImpl$NonContextualJdbcConnectionAccess.obtainConnection(AbstractSessionImpl.java:281)
	at org.hibernate.engine.jdbc.internal.LogicalConnectionImpl.obtainConnection(LogicalConnectionImpl.java:297)
	at org.hibernate.engine.jdbc.internal.LogicalConnectionImpl.getConnection(LogicalConnectionImpl.java:169)
	at org.hibernate.engine.jdbc.internal.proxy.ConnectionProxyHandler.extractPhysicalConnection(ConnectionProxyHandler.java:82)
	at org.hibernate.engine.jdbc.internal.proxy.ConnectionProxyHandler.continueInvocation(ConnectionProxyHandler.java:138)
	at org.hibernate.engine.jdbc.internal.proxy.AbstractProxyHandler.invoke(AbstractProxyHandler.java:81)
	at com.sun.proxy.$Proxy11.prepareStatement(Unknown Source)
	at org.hibernate.engine.jdbc.internal.StatementPreparerImpl$5.doPrepare(StatementPreparerImpl.java:147)
	at org.hibernate.engine.jdbc.internal.StatementPreparerImpl$StatementPreparationTemplate.prepareStatement(StatementPreparerImpl.java:166)
	at org.hibernate.engine.jdbc.internal.StatementPreparerImpl.prepareQueryStatement(StatementPreparerImpl.java:145)
	at org.hibernate.loader.Loader.prepareQueryStatement(Loader.java:1720)
	at org.hibernate.loader.Loader.executeQueryStatement(Loader.java:1697)
	at org.hibernate.loader.Loader.doQuery(Loader.java:832)
	at org.hibernate.loader.Loader.doQueryAndInitializeNonLazyCollections(Loader.java:293)
	at org.hibernate.loader.Loader.doList(Loader.java:2382)
	at org.hibernate.loader.Loader.doList(Loader.java:2368)
	at org.hibernate.loader.Loader.listIgnoreQueryCache(Loader.java:2198)
	at org.hibernate.loader.Loader.list(Loader.java:2193)
	at org.hibernate.loader.hql.QueryLoader.list(QueryLoader.java:470)
	at org.hibernate.hql.internal.ast.QueryTranslatorImpl.list(QueryTranslatorImpl.java:355)
	at org.hibernate.engine.query.spi.HQLQueryPlan.performList(HQLQueryPlan.java:195)
	at org.hibernate.internal.SessionImpl.list(SessionImpl.java:1244)
	at org.hibernate.internal.QueryImpl.list(QueryImpl.java:101)
	at ee.ut.math.tvt.salessystem.domain.controller.impl.SalesDomainControllerImpl.loadWarehouseState(SalesDomainControllerImpl.java:55)
	at ee.ut.math.tvt.salessystem.ui.model.SalesSystemModel.<init>(SalesSystemModel.java:42)
	at ee.ut.math.tvt.salessystem.ui.SalesSystemUI.<init>(SalesSystemUI.java:44)
	at ee.ut.math.tvt.TheTeam.Intro.main(Intro.java:33)
Caused by: org.hsqldb.HsqlException: connection exception: connection failure: java.io.EOFException
	at org.hsqldb.error.Error.error(Unknown Source)
	at org.hsqldb.error.Error.error(Unknown Source)
	at org.hsqldb.ClientConnection.execute(Unknown Source)
	at org.hsqldb.ClientConnection.<init>(Unknown Source)
	... 33 more
[2013-11-25 14:26:17,872] WARN  5305[main] - org.hibernate.engine.jdbc.spi.SqlExceptionHelper.logExceptions(SqlExceptionHelper.java:143) - SQL Error: -1305, SQLState: 08006
[2013-11-25 14:26:17,872]ERROR  5305[main] - org.hibernate.engine.jdbc.spi.SqlExceptionHelper.logExceptions(SqlExceptionHelper.java:144) - connection exception: connection failure: java.io.EOFException
