/*C3*/SET SCHEMA PUBLIC
CONNECT USER SA
SET AUTOCOMMIT FALSE
DISCONNECT
/*C4*/SET SCHEMA PUBLIC
CONNECT USER SA
SET AUTOCOMMIT FALSE
DISCONNECT
/*C5*/SET SCHEMA PUBLIC
CONNECT USER SA
SET AUTOCOMMIT FALSE
DISCONNECT
/*C6*/SET SCHEMA PUBLIC
CONNECT USER SA
SET AUTOCOMMIT FALSE
DISCONNECT
/*C7*/SET SCHEMA PUBLIC
CONNECT USER SA
SET AUTOCOMMIT FALSE
/*C8*/SET SCHEMA PUBLIC
CONNECT USER SA
SET AUTOCOMMIT FALSE
/*C9*/SET SCHEMA PUBLIC
CONNECT USER SA
SET AUTOCOMMIT FALSE
/*C10*/SET SCHEMA PUBLIC
CONNECT USER SA
SET AUTOCOMMIT FALSE
/*C11*/SET SCHEMA PUBLIC
CONNECT USER SA
SET AUTOCOMMIT FALSE
/*C12*/SET SCHEMA PUBLIC
CONNECT USER SA
SET AUTOCOMMIT FALSE
/*C13*/SET SCHEMA PUBLIC
CONNECT USER SA
SET AUTOCOMMIT FALSE
INSERT INTO SALE VALUES(14,'2013-11-25 13:47:57.382000000',NULL)
INSERT INTO SOLDITEM VALUES(19,14,3,'P\u00e4hklid',1,10.0)
DELETE FROM STOCKITEM WHERE ID=3
INSERT INTO STOCKITEM VALUES(3,'P\u00e4hklid',10.0,59,NULL)
COMMIT
DISCONNECT
/*C12*/DISCONNECT
/*C14*/SET SCHEMA PUBLIC
CONNECT USER SA
SET AUTOCOMMIT FALSE
INSERT INTO SALE VALUES(15,'2013-11-25 13:49:18.597000000',NULL)
INSERT INTO SOLDITEM VALUES(20,15,1,'Layz kr\u00f5psud',1,10.5)
DELETE FROM STOCKITEM WHERE ID=1
INSERT INTO STOCKITEM VALUES(1,'Layz kr\u00f5psud',10.5,95,NULL)
COMMIT
DISCONNECT
/*C15*/SET SCHEMA PUBLIC
CONNECT USER SA
SET AUTOCOMMIT FALSE
INSERT INTO SALE VALUES(16,'2013-11-25 13:55:01.108000000',NULL)
INSERT INTO SOLDITEM VALUES(21,16,1,'Layz kr\u00f5psud',1,10.5)
DELETE FROM STOCKITEM WHERE ID=1
INSERT INTO STOCKITEM VALUES(1,'Layz kr\u00f5psud',10.5,94,NULL)
COMMIT
INSERT INTO STOCKITEM VALUES(6,'asdfasf',32.0,334,'')
INSERT INTO STOCKITEM VALUES(7,'nimi',34.0,352,'')
ROLLBACK
DISCONNECT
/*C16*/SET SCHEMA PUBLIC
CONNECT USER SA
SET AUTOCOMMIT FALSE
/*C17*/SET SCHEMA PUBLIC
CONNECT USER SA
SET AUTOCOMMIT FALSE
INSERT INTO STOCKITEM VALUES(8,'elevant',99.0,100,'')
COMMIT
DISCONNECT
/*C18*/SET SCHEMA PUBLIC
CONNECT USER SA
SET AUTOCOMMIT FALSE
INSERT INTO SALE VALUES(17,'2013-11-25 14:07:21.318000000',NULL)
INSERT INTO SOLDITEM VALUES(22,17,8,'elevant',1,99.0)
DELETE FROM STOCKITEM WHERE ID=8
INSERT INTO STOCKITEM VALUES(8,'elevant',99.0,99,'')
COMMIT
INSERT INTO SOLDITEM VALUES(23,17,2,'\u00d5lle vorstikesed',1,15.0)
DELETE FROM STOCKITEM WHERE ID=2
INSERT INTO STOCKITEM VALUES(2,'\u00d5lle vorstikesed',15.0,41,NULL)
DELETE FROM SALE WHERE ID=17
INSERT INTO SALE VALUES(17,'2013-11-25 14:08:38.928000000',NULL)
COMMIT
INSERT INTO SOLDITEM VALUES(24,17,1,'Layz kr\u00f5psud',7,10.5)
DELETE FROM STOCKITEM WHERE ID=1
INSERT INTO STOCKITEM VALUES(1,'Layz kr\u00f5psud',10.5,87,NULL)
DELETE FROM SALE WHERE ID=17
INSERT INTO SALE VALUES(17,'2013-11-25 14:11:18.913000000',NULL)
COMMIT
DISCONNECT
/*C16*/DISCONNECT
/*C19*/SET SCHEMA PUBLIC
CONNECT USER SA
SET AUTOCOMMIT FALSE
DISCONNECT
/*C20*/SET SCHEMA PUBLIC
CONNECT USER SA
SET AUTOCOMMIT FALSE
INSERT INTO SALE VALUES(18,'2013-11-25 14:26:41.583000000',NULL)
INSERT INTO SOLDITEM VALUES(25,18,1,'Layz kr\u00f5psud',1,10.5)
DELETE FROM STOCKITEM WHERE ID=1
INSERT INTO STOCKITEM VALUES(1,'Layz kr\u00f5psud',10.5,86,NULL)
COMMIT
DISCONNECT
/*C21*/SET SCHEMA PUBLIC
CONNECT USER SA
SET AUTOCOMMIT FALSE
INSERT INTO SALE VALUES(19,'2013-11-25 14:28:46.275000000',NULL)
INSERT INTO SOLDITEM VALUES(26,19,1,'Layz kr\u00f5psud',1,10.5)
DELETE FROM STOCKITEM WHERE ID=1
INSERT INTO STOCKITEM VALUES(1,'Layz kr\u00f5psud',10.5,85,NULL)
COMMIT
DISCONNECT
/*C22*/SET SCHEMA PUBLIC
CONNECT USER SA
SET AUTOCOMMIT FALSE
INSERT INTO SALE VALUES(20,'2013-11-25 14:33:35.280000000',NULL)
INSERT INTO SOLDITEM VALUES(27,20,1,'Layz kr\u00f5psud',1,10.5)
DELETE FROM STOCKITEM WHERE ID=1
INSERT INTO STOCKITEM VALUES(1,'Layz kr\u00f5psud',10.5,84,NULL)
COMMIT
DISCONNECT
/*C23*/SET SCHEMA PUBLIC
CONNECT USER SA
SET AUTOCOMMIT FALSE
INSERT INTO SALE VALUES(21,'2013-11-25 14:40:28.715000000',NULL)
INSERT INTO SOLDITEM VALUES(28,21,1,'Layz kr\u00f5psud',1,10.5)
DELETE FROM STOCKITEM WHERE ID=1
INSERT INTO STOCKITEM VALUES(1,'Layz kr\u00f5psud',10.5,83,NULL)
COMMIT
DISCONNECT
/*C24*/SET SCHEMA PUBLIC
CONNECT USER SA
SET AUTOCOMMIT FALSE
INSERT INTO SALE VALUES(22,'2013-11-25 16:35:19.306000000',NULL)
INSERT INTO SOLDITEM VALUES(29,22,1,'Layz kr\u00f5psud',1,10.5)
DELETE FROM STOCKITEM WHERE ID=1
INSERT INTO STOCKITEM VALUES(1,'Layz kr\u00f5psud',10.5,82,NULL)
COMMIT
DISCONNECT
/*C25*/SET SCHEMA PUBLIC
CONNECT USER SA
SET AUTOCOMMIT FALSE
DISCONNECT
