[2013-11-23 14:59:42,711]DEBUG    58[main] - org.hibernate.cfg.Configuration.<clinit>(Configuration.java:176) - Logging Provider: org.jboss.logging.Log4jLoggerProvider
[2013-11-23 14:59:42,730]DEBUG    77[main] - org.hibernate.type.BasicTypeRegistry.register(BasicTypeRegistry.java:143) - Adding type registration boolean -> org.hibernate.type.BooleanType@3466afc4
[2013-11-23 14:59:42,732]DEBUG    79[main] - org.hibernate.type.BasicTypeRegistry.register(BasicTypeRegistry.java:143) - Adding type registration boolean -> org.hibernate.type.BooleanType@3466afc4
[2013-11-23 14:59:42,733]DEBUG    80[main] - org.hibernate.type.BasicTypeRegistry.register(BasicTypeRegistry.java:143) - Adding type registration java.lang.Boolean -> org.hibernate.type.BooleanType@3466afc4
[2013-11-23 14:59:42,734]DEBUG    81[main] - org.hibernate.type.BasicTypeRegistry.register(BasicTypeRegistry.java:143) - Adding type registration numeric_boolean -> org.hibernate.type.NumericBooleanType@48778a5d
[2013-11-23 14:59:42,735]DEBUG    82[main] - org.hibernate.type.BasicTypeRegistry.register(BasicTypeRegistry.java:143) - Adding type registration true_false -> org.hibernate.type.TrueFalseType@5e2c9d5b
[2013-11-23 14:59:42,736]DEBUG    83[main] - org.hibernate.type.BasicTypeRegistry.register(BasicTypeRegistry.java:143) - Adding type registration yes_no -> org.hibernate.type.YesNoType@499b3a92
[2013-11-23 14:59:42,738]DEBUG    85[main] - org.hibernate.type.BasicTypeRegistry.register(BasicTypeRegistry.java:143) - Adding type registration byte -> org.hibernate.type.ByteType@53dc0f4
[2013-11-23 14:59:42,738]DEBUG    85[main] - org.hibernate.type.BasicTypeRegistry.register(BasicTypeRegistry.java:143) - Adding type registration byte -> org.hibernate.type.ByteType@53dc0f4
[2013-11-23 14:59:42,738]DEBUG    85[main] - org.hibernate.type.BasicTypeRegistry.register(BasicTypeRegistry.java:143) - Adding type registration java.lang.Byte -> org.hibernate.type.ByteType@53dc0f4
[2013-11-23 14:59:42,740]DEBUG    87[main] - org.hibernate.type.BasicTypeRegistry.register(BasicTypeRegistry.java:143) - Adding type registration character -> org.hibernate.type.CharacterType@385c25dc
[2013-11-23 14:59:42,740]DEBUG    87[main] - org.hibernate.type.BasicTypeRegistry.register(BasicTypeRegistry.java:143) - Adding type registration char -> org.hibernate.type.CharacterType@385c25dc
[2013-11-23 14:59:42,740]DEBUG    87[main] - org.hibernate.type.BasicTypeRegistry.register(BasicTypeRegistry.java:143) - Adding type registration java.lang.Character -> org.hibernate.type.CharacterType@385c25dc
[2013-11-23 14:59:42,742]DEBUG    89[main] - org.hibernate.type.BasicTypeRegistry.register(BasicTypeRegistry.java:143) - Adding type registration short -> org.hibernate.type.ShortType@3b237a89
[2013-11-23 14:59:42,742]DEBUG    89[main] - org.hibernate.type.BasicTypeRegistry.register(BasicTypeRegistry.java:143) - Adding type registration short -> org.hibernate.type.ShortType@3b237a89
[2013-11-23 14:59:42,744]DEBUG    91[main] - org.hibernate.type.BasicTypeRegistry.register(BasicTypeRegistry.java:143) - Adding type registration java.lang.Short -> org.hibernate.type.ShortType@3b237a89
[2013-11-23 14:59:42,745]DEBUG    92[main] - org.hibernate.type.BasicTypeRegistry.register(BasicTypeRegistry.java:143) - Adding type registration integer -> org.hibernate.type.IntegerType@115607b7
[2013-11-23 14:59:42,745]DEBUG    92[main] - org.hibernate.type.BasicTypeRegistry.register(BasicTypeRegistry.java:143) - Adding type registration int -> org.hibernate.type.IntegerType@115607b7
[2013-11-23 14:59:42,746]DEBUG    93[main] - org.hibernate.type.BasicTypeRegistry.register(BasicTypeRegistry.java:143) - Adding type registration java.lang.Integer -> org.hibernate.type.IntegerType@115607b7
[2013-11-23 14:59:42,747]DEBUG    94[main] - org.hibernate.type.BasicTypeRegistry.register(BasicTypeRegistry.java:143) - Adding type registration long -> org.hibernate.type.LongType@5f0caaa
[2013-11-23 14:59:42,747]DEBUG    94[main] - org.hibernate.type.BasicTypeRegistry.register(BasicTypeRegistry.java:143) - Adding type registration long -> org.hibernate.type.LongType@5f0caaa
[2013-11-23 14:59:42,781]DEBUG   128[main] - org.hibernate.type.BasicTypeRegistry.register(BasicTypeRegistry.java:143) - Adding type registration java.lang.Long -> org.hibernate.type.LongType@5f0caaa
[2013-11-23 14:59:42,784]DEBUG   131[main] - org.hibernate.type.BasicTypeRegistry.register(BasicTypeRegistry.java:143) - Adding type registration float -> org.hibernate.type.FloatType@73cdf021
[2013-11-23 14:59:42,785]DEBUG   132[main] - org.hibernate.type.BasicTypeRegistry.register(BasicTypeRegistry.java:143) - Adding type registration float -> org.hibernate.type.FloatType@73cdf021
[2013-11-23 14:59:42,785]DEBUG   132[main] - org.hibernate.type.BasicTypeRegistry.register(BasicTypeRegistry.java:143) - Adding type registration java.lang.Float -> org.hibernate.type.FloatType@73cdf021
[2013-11-23 14:59:42,790]DEBUG   137[main] - org.hibernate.type.BasicTypeRegistry.register(BasicTypeRegistry.java:143) - Adding type registration double -> org.hibernate.type.DoubleType@6fdd669a
[2013-11-23 14:59:42,790]DEBUG   137[main] - org.hibernate.type.BasicTypeRegistry.register(BasicTypeRegistry.java:143) - Adding type registration double -> org.hibernate.type.DoubleType@6fdd669a
[2013-11-23 14:59:42,791]DEBUG   138[main] - org.hibernate.type.BasicTypeRegistry.register(BasicTypeRegistry.java:143) - Adding type registration java.lang.Double -> org.hibernate.type.DoubleType@6fdd669a
[2013-11-23 14:59:42,794]DEBUG   141[main] - org.hibernate.type.BasicTypeRegistry.register(BasicTypeRegistry.java:143) - Adding type registration big_decimal -> org.hibernate.type.BigDecimalType@16692a88
[2013-11-23 14:59:42,795]DEBUG   142[main] - org.hibernate.type.BasicTypeRegistry.register(BasicTypeRegistry.java:143) - Adding type registration java.math.BigDecimal -> org.hibernate.type.BigDecimalType@16692a88
[2013-11-23 14:59:42,797]DEBUG   144[main] - org.hibernate.type.BasicTypeRegistry.register(BasicTypeRegistry.java:143) - Adding type registration big_integer -> org.hibernate.type.BigIntegerType@5285e41d
[2013-11-23 14:59:42,798]DEBUG   145[main] - org.hibernate.type.BasicTypeRegistry.register(BasicTypeRegistry.java:143) - Adding type registration java.math.BigInteger -> org.hibernate.type.BigIntegerType@5285e41d
[2013-11-23 14:59:42,800]DEBUG   147[main] - org.hibernate.type.BasicTypeRegistry.register(BasicTypeRegistry.java:143) - Adding type registration string -> org.hibernate.type.StringType@5aa205d2
[2013-11-23 14:59:42,800]DEBUG   147[main] - org.hibernate.type.BasicTypeRegistry.register(BasicTypeRegistry.java:143) - Adding type registration java.lang.String -> org.hibernate.type.StringType@5aa205d2
[2013-11-23 14:59:42,802]DEBUG   149[main] - org.hibernate.type.BasicTypeRegistry.register(BasicTypeRegistry.java:143) - Adding type registration url -> org.hibernate.type.UrlType@63a751ff
[2013-11-23 14:59:42,803]DEBUG   150[main] - org.hibernate.type.BasicTypeRegistry.register(BasicTypeRegistry.java:143) - Adding type registration java.net.URL -> org.hibernate.type.UrlType@63a751ff
[2013-11-23 14:59:42,805]DEBUG   152[main] - org.hibernate.type.BasicTypeRegistry.register(BasicTypeRegistry.java:143) - Adding type registration date -> org.hibernate.type.DateType@78293354
[2013-11-23 14:59:42,805]DEBUG   152[main] - org.hibernate.type.BasicTypeRegistry.register(BasicTypeRegistry.java:143) - Adding type registration java.sql.Date -> org.hibernate.type.DateType@78293354
[2013-11-23 14:59:42,807]DEBUG   154[main] - org.hibernate.type.BasicTypeRegistry.register(BasicTypeRegistry.java:143) - Adding type registration time -> org.hibernate.type.TimeType@4bddc941
[2013-11-23 14:59:42,808]DEBUG   155[main] - org.hibernate.type.BasicTypeRegistry.register(BasicTypeRegistry.java:143) - Adding type registration java.sql.Time -> org.hibernate.type.TimeType@4bddc941
[2013-11-23 14:59:42,809]DEBUG   156[main] - org.hibernate.type.BasicTypeRegistry.register(BasicTypeRegistry.java:143) - Adding type registration timestamp -> org.hibernate.type.TimestampType@64be4d44
[2013-11-23 14:59:42,810]DEBUG   157[main] - org.hibernate.type.BasicTypeRegistry.register(BasicTypeRegistry.java:143) - Adding type registration java.sql.Timestamp -> org.hibernate.type.TimestampType@64be4d44
[2013-11-23 14:59:42,810]DEBUG   157[main] - org.hibernate.type.BasicTypeRegistry.register(BasicTypeRegistry.java:143) - Adding type registration java.util.Date -> org.hibernate.type.TimestampType@64be4d44
[2013-11-23 14:59:42,811]DEBUG   158[main] - org.hibernate.type.BasicTypeRegistry.register(BasicTypeRegistry.java:143) - Adding type registration dbtimestamp -> org.hibernate.type.DbTimestampType@41f8f72f
[2013-11-23 14:59:42,812]DEBUG   159[main] - org.hibernate.type.BasicTypeRegistry.register(BasicTypeRegistry.java:143) - Adding type registration calendar -> org.hibernate.type.CalendarType@21300853
[2013-11-23 14:59:42,813]DEBUG   160[main] - org.hibernate.type.BasicTypeRegistry.register(BasicTypeRegistry.java:143) - Adding type registration java.util.Calendar -> org.hibernate.type.CalendarType@21300853
[2013-11-23 14:59:42,813]DEBUG   160[main] - org.hibernate.type.BasicTypeRegistry.register(BasicTypeRegistry.java:143) - Adding type registration java.util.GregorianCalendar -> org.hibernate.type.CalendarType@21300853
[2013-11-23 14:59:42,814]DEBUG   161[main] - org.hibernate.type.BasicTypeRegistry.register(BasicTypeRegistry.java:143) - Adding type registration calendar_date -> org.hibernate.type.CalendarDateType@722cf676
[2013-11-23 14:59:42,815]DEBUG   162[main] - org.hibernate.type.BasicTypeRegistry.register(BasicTypeRegistry.java:143) - Adding type registration locale -> org.hibernate.type.LocaleType@65bbd743
[2013-11-23 14:59:42,894]DEBUG   241[main] - org.hibernate.type.BasicTypeRegistry.register(BasicTypeRegistry.java:143) - Adding type registration java.util.Locale -> org.hibernate.type.LocaleType@65bbd743
[2013-11-23 14:59:42,896]DEBUG   243[main] - org.hibernate.type.BasicTypeRegistry.register(BasicTypeRegistry.java:143) - Adding type registration currency -> org.hibernate.type.CurrencyType@ecd90ce
[2013-11-23 14:59:42,897]DEBUG   244[main] - org.hibernate.type.BasicTypeRegistry.register(BasicTypeRegistry.java:143) - Adding type registration java.util.Currency -> org.hibernate.type.CurrencyType@ecd90ce
[2013-11-23 14:59:42,899]DEBUG   246[main] - org.hibernate.type.BasicTypeRegistry.register(BasicTypeRegistry.java:143) - Adding type registration timezone -> org.hibernate.type.TimeZoneType@49d3c9ab
[2013-11-23 14:59:42,899]DEBUG   246[main] - org.hibernate.type.BasicTypeRegistry.register(BasicTypeRegistry.java:143) - Adding type registration java.util.TimeZone -> org.hibernate.type.TimeZoneType@49d3c9ab
[2013-11-23 14:59:42,901]DEBUG   248[main] - org.hibernate.type.BasicTypeRegistry.register(BasicTypeRegistry.java:143) - Adding type registration class -> org.hibernate.type.ClassType@601ae40f
[2013-11-23 14:59:42,901]DEBUG   248[main] - org.hibernate.type.BasicTypeRegistry.register(BasicTypeRegistry.java:143) - Adding type registration java.lang.Class -> org.hibernate.type.ClassType@601ae40f
[2013-11-23 14:59:42,904]DEBUG   251[main] - org.hibernate.type.BasicTypeRegistry.register(BasicTypeRegistry.java:143) - Adding type registration uuid-binary -> org.hibernate.type.UUIDBinaryType@6cc542c
[2013-11-23 14:59:42,905]DEBUG   252[main] - org.hibernate.type.BasicTypeRegistry.register(BasicTypeRegistry.java:143) - Adding type registration java.util.UUID -> org.hibernate.type.UUIDBinaryType@6cc542c
[2013-11-23 14:59:42,907]DEBUG   254[main] - org.hibernate.type.BasicTypeRegistry.register(BasicTypeRegistry.java:143) - Adding type registration uuid-char -> org.hibernate.type.UUIDCharType@40454ca3
[2013-11-23 14:59:42,908]DEBUG   255[main] - org.hibernate.type.BasicTypeRegistry.register(BasicTypeRegistry.java:143) - Adding type registration pg-uuid -> org.hibernate.type.PostgresUUIDType@fe87e45
[2013-11-23 14:59:42,911]DEBUG   258[main] - org.hibernate.type.BasicTypeRegistry.register(BasicTypeRegistry.java:143) - Adding type registration binary -> org.hibernate.type.BinaryType@68ce4f39
[2013-11-23 14:59:42,911]DEBUG   258[main] - org.hibernate.type.BasicTypeRegistry.register(BasicTypeRegistry.java:143) - Adding type registration byte[] -> org.hibernate.type.BinaryType@68ce4f39
[2013-11-23 14:59:42,911]DEBUG   258[main] - org.hibernate.type.BasicTypeRegistry.register(BasicTypeRegistry.java:143) - Adding type registration [B -> org.hibernate.type.BinaryType@68ce4f39
[2013-11-23 14:59:42,913]DEBUG   260[main] - org.hibernate.type.BasicTypeRegistry.register(BasicTypeRegistry.java:143) - Adding type registration wrapper-binary -> org.hibernate.type.WrapperBinaryType@6274bff8
[2013-11-23 14:59:42,914]DEBUG   261[main] - org.hibernate.type.BasicTypeRegistry.register(BasicTypeRegistry.java:143) - Adding type registration Byte[] -> org.hibernate.type.WrapperBinaryType@6274bff8
[2013-11-23 14:59:42,914]DEBUG   261[main] - org.hibernate.type.BasicTypeRegistry.register(BasicTypeRegistry.java:143) - Adding type registration [Ljava.lang.Byte; -> org.hibernate.type.WrapperBinaryType@6274bff8
[2013-11-23 14:59:42,915]DEBUG   262[main] - org.hibernate.type.BasicTypeRegistry.register(BasicTypeRegistry.java:143) - Adding type registration image -> org.hibernate.type.ImageType@645f4e2d
[2013-11-23 14:59:42,917]DEBUG   264[main] - org.hibernate.type.BasicTypeRegistry.register(BasicTypeRegistry.java:143) - Adding type registration characters -> org.hibernate.type.CharArrayType@41f5ad2b
[2013-11-23 14:59:42,917]DEBUG   264[main] - org.hibernate.type.BasicTypeRegistry.register(BasicTypeRegistry.java:143) - Adding type registration char[] -> org.hibernate.type.CharArrayType@41f5ad2b
[2013-11-23 14:59:42,917]DEBUG   264[main] - org.hibernate.type.BasicTypeRegistry.register(BasicTypeRegistry.java:143) - Adding type registration [C -> org.hibernate.type.CharArrayType@41f5ad2b
[2013-11-23 14:59:42,919]DEBUG   266[main] - org.hibernate.type.BasicTypeRegistry.register(BasicTypeRegistry.java:143) - Adding type registration wrapper-characters -> org.hibernate.type.CharacterArrayType@745b0676
[2013-11-23 14:59:42,919]DEBUG   266[main] - org.hibernate.type.BasicTypeRegistry.register(BasicTypeRegistry.java:143) - Adding type registration [Ljava.lang.Character; -> org.hibernate.type.CharacterArrayType@745b0676
[2013-11-23 14:59:42,919]DEBUG   266[main] - org.hibernate.type.BasicTypeRegistry.register(BasicTypeRegistry.java:143) - Adding type registration Character[] -> org.hibernate.type.CharacterArrayType@745b0676
[2013-11-23 14:59:42,920]DEBUG   267[main] - org.hibernate.type.BasicTypeRegistry.register(BasicTypeRegistry.java:143) - Adding type registration text -> org.hibernate.type.TextType@55d48209
[2013-11-23 14:59:42,925]DEBUG   272[main] - org.hibernate.type.BasicTypeRegistry.register(BasicTypeRegistry.java:143) - Adding type registration blob -> org.hibernate.type.BlobType@568b9df2
[2013-11-23 14:59:43,001]DEBUG   348[main] - org.hibernate.type.BasicTypeRegistry.register(BasicTypeRegistry.java:143) - Adding type registration java.sql.Blob -> org.hibernate.type.BlobType@568b9df2
[2013-11-23 14:59:43,002]DEBUG   349[main] - org.hibernate.type.BasicTypeRegistry.register(BasicTypeRegistry.java:143) - Adding type registration materialized_blob -> org.hibernate.type.MaterializedBlobType@723bfc52
[2013-11-23 14:59:43,007]DEBUG   354[main] - org.hibernate.type.BasicTypeRegistry.register(BasicTypeRegistry.java:143) - Adding type registration clob -> org.hibernate.type.ClobType@5ede0ae6
[2013-11-23 14:59:43,007]DEBUG   354[main] - org.hibernate.type.BasicTypeRegistry.register(BasicTypeRegistry.java:143) - Adding type registration java.sql.Clob -> org.hibernate.type.ClobType@5ede0ae6
[2013-11-23 14:59:43,008]DEBUG   355[main] - org.hibernate.type.BasicTypeRegistry.register(BasicTypeRegistry.java:143) - Adding type registration materialized_clob -> org.hibernate.type.MaterializedClobType@471cc198
[2013-11-23 14:59:43,009]DEBUG   356[main] - org.hibernate.type.BasicTypeRegistry.register(BasicTypeRegistry.java:143) - Adding type registration serializable -> org.hibernate.type.SerializableType@38a0e9d7
[2013-11-23 14:59:43,012]DEBUG   359[main] - org.hibernate.type.BasicTypeRegistry.register(BasicTypeRegistry.java:143) - Adding type registration object -> org.hibernate.type.ObjectType@11331ce6
[2013-11-23 14:59:43,012]DEBUG   359[main] - org.hibernate.type.BasicTypeRegistry.register(BasicTypeRegistry.java:143) - Adding type registration java.lang.Object -> org.hibernate.type.ObjectType@11331ce6
[2013-11-23 14:59:43,013]DEBUG   360[main] - org.hibernate.type.BasicTypeRegistry.register(BasicTypeRegistry.java:143) - Adding type registration imm_date -> org.hibernate.type.AdaptedImmutableType@763ed81c
[2013-11-23 14:59:43,013]DEBUG   360[main] - org.hibernate.type.BasicTypeRegistry.register(BasicTypeRegistry.java:143) - Adding type registration imm_time -> org.hibernate.type.AdaptedImmutableType@17de52ea
[2013-11-23 14:59:43,014]DEBUG   361[main] - org.hibernate.type.BasicTypeRegistry.register(BasicTypeRegistry.java:143) - Adding type registration imm_timestamp -> org.hibernate.type.AdaptedImmutableType@5158ce4
[2013-11-23 14:59:43,014]DEBUG   361[main] - org.hibernate.type.BasicTypeRegistry.register(BasicTypeRegistry.java:143) - Adding type registration imm_dbtimestamp -> org.hibernate.type.AdaptedImmutableType@49d4cf57
[2013-11-23 14:59:43,014]DEBUG   361[main] - org.hibernate.type.BasicTypeRegistry.register(BasicTypeRegistry.java:143) - Adding type registration imm_calendar -> org.hibernate.type.AdaptedImmutableType@32787e9f
[2013-11-23 14:59:43,014]DEBUG   361[main] - org.hibernate.type.BasicTypeRegistry.register(BasicTypeRegistry.java:143) - Adding type registration imm_calendar_date -> org.hibernate.type.AdaptedImmutableType@4c1129c
[2013-11-23 14:59:43,014]DEBUG   361[main] - org.hibernate.type.BasicTypeRegistry.register(BasicTypeRegistry.java:143) - Adding type registration imm_binary -> org.hibernate.type.AdaptedImmutableType@1facc234
[2013-11-23 14:59:43,015]DEBUG   362[main] - org.hibernate.type.BasicTypeRegistry.register(BasicTypeRegistry.java:143) - Adding type registration imm_serializable -> org.hibernate.type.AdaptedImmutableType@701f42b
[2013-11-23 14:59:43,035] INFO   382[main] - org.hibernate.annotations.common.Version.<clinit>(Version.java:37) - HCANN000001: Hibernate Commons Annotations {4.0.1.Final}
[2013-11-23 14:59:43,041] INFO   388[main] - org.hibernate.Version.logVersion(Version.java:41) - HHH000412: Hibernate Core {4.1.7.Final}
[2013-11-23 14:59:43,043] INFO   390[main] - org.hibernate.cfg.Environment.<clinit>(Environment.java:239) - HHH000206: hibernate.properties not found
[2013-11-23 14:59:43,045] INFO   392[main] - org.hibernate.cfg.Environment.buildBytecodeProvider(Environment.java:342) - HHH000021: Bytecode provider name : javassist
[2013-11-23 14:59:43,062]DEBUG   409[main] - org.hibernate.id.factory.internal.DefaultIdentifierGeneratorFactory.register(DefaultIdentifierGeneratorFactory.java:93) - Registering IdentifierGenerator strategy [uuid2] -> [org.hibernate.id.UUIDGenerator]
[2013-11-23 14:59:43,063]DEBUG   410[main] - org.hibernate.id.factory.internal.DefaultIdentifierGeneratorFactory.register(DefaultIdentifierGeneratorFactory.java:93) - Registering IdentifierGenerator strategy [guid] -> [org.hibernate.id.GUIDGenerator]
[2013-11-23 14:59:43,064]DEBUG   411[main] - org.hibernate.id.factory.internal.DefaultIdentifierGeneratorFactory.register(DefaultIdentifierGeneratorFactory.java:93) - Registering IdentifierGenerator strategy [uuid] -> [org.hibernate.id.UUIDHexGenerator]
[2013-11-23 14:59:43,103]DEBUG   450[main] - org.hibernate.id.factory.internal.DefaultIdentifierGeneratorFactory.register(DefaultIdentifierGeneratorFactory.java:93) - Registering IdentifierGenerator strategy [uuid.hex] -> [org.hibernate.id.UUIDHexGenerator]
[2013-11-23 14:59:43,105]DEBUG   452[main] - org.hibernate.id.factory.internal.DefaultIdentifierGeneratorFactory.register(DefaultIdentifierGeneratorFactory.java:93) - Registering IdentifierGenerator strategy [hilo] -> [org.hibernate.id.TableHiLoGenerator]
[2013-11-23 14:59:43,108]DEBUG   455[main] - org.hibernate.id.factory.internal.DefaultIdentifierGeneratorFactory.register(DefaultIdentifierGeneratorFactory.java:93) - Registering IdentifierGenerator strategy [assigned] -> [org.hibernate.id.Assigned]
[2013-11-23 14:59:43,110]DEBUG   457[main] - org.hibernate.id.factory.internal.DefaultIdentifierGeneratorFactory.register(DefaultIdentifierGeneratorFactory.java:93) - Registering IdentifierGenerator strategy [identity] -> [org.hibernate.id.IdentityGenerator]
[2013-11-23 14:59:43,110]DEBUG   457[main] - org.hibernate.id.factory.internal.DefaultIdentifierGeneratorFactory.register(DefaultIdentifierGeneratorFactory.java:93) - Registering IdentifierGenerator strategy [select] -> [org.hibernate.id.SelectGenerator]
[2013-11-23 14:59:43,111]DEBUG   458[main] - org.hibernate.id.factory.internal.DefaultIdentifierGeneratorFactory.register(DefaultIdentifierGeneratorFactory.java:93) - Registering IdentifierGenerator strategy [sequence] -> [org.hibernate.id.SequenceGenerator]
[2013-11-23 14:59:43,111]DEBUG   458[main] - org.hibernate.id.factory.internal.DefaultIdentifierGeneratorFactory.register(DefaultIdentifierGeneratorFactory.java:93) - Registering IdentifierGenerator strategy [seqhilo] -> [org.hibernate.id.SequenceHiLoGenerator]
[2013-11-23 14:59:43,112]DEBUG   459[main] - org.hibernate.id.factory.internal.DefaultIdentifierGeneratorFactory.register(DefaultIdentifierGeneratorFactory.java:93) - Registering IdentifierGenerator strategy [increment] -> [org.hibernate.id.IncrementGenerator]
[2013-11-23 14:59:43,113]DEBUG   460[main] - org.hibernate.id.factory.internal.DefaultIdentifierGeneratorFactory.register(DefaultIdentifierGeneratorFactory.java:93) - Registering IdentifierGenerator strategy [foreign] -> [org.hibernate.id.ForeignGenerator]
[2013-11-23 14:59:43,113]DEBUG   460[main] - org.hibernate.id.factory.internal.DefaultIdentifierGeneratorFactory.register(DefaultIdentifierGeneratorFactory.java:93) - Registering IdentifierGenerator strategy [sequence-identity] -> [org.hibernate.id.SequenceIdentityGenerator]
[2013-11-23 14:59:43,114]DEBUG   461[main] - org.hibernate.id.factory.internal.DefaultIdentifierGeneratorFactory.register(DefaultIdentifierGeneratorFactory.java:93) - Registering IdentifierGenerator strategy [enhanced-sequence] -> [org.hibernate.id.enhanced.SequenceStyleGenerator]
[2013-11-23 14:59:43,115]DEBUG   462[main] - org.hibernate.id.factory.internal.DefaultIdentifierGeneratorFactory.register(DefaultIdentifierGeneratorFactory.java:93) - Registering IdentifierGenerator strategy [enhanced-table] -> [org.hibernate.id.enhanced.TableGenerator]
[2013-11-23 14:59:43,117] INFO   464[main] - org.hibernate.cfg.Configuration.configure(Configuration.java:1933) - HHH000043: Configuring from resource: /hibernate.cfg.xml
[2013-11-23 14:59:43,117] INFO   464[main] - org.hibernate.cfg.Configuration.getConfigurationInputStream(Configuration.java:1952) - HHH000040: Configuration resource: /hibernate.cfg.xml
[2013-11-23 14:59:43,298]DEBUG   645[main] - org.hibernate.internal.util.xml.DTDEntityResolver.resolveEntity(DTDEntityResolver.java:68) - Trying to resolve system-id [http://hibernate.sourceforge.net/hibernate-configuration-3.0.dtd]
[2013-11-23 14:59:43,298] WARN   645[main] - org.hibernate.internal.util.xml.DTDEntityResolver.resolveEntity(DTDEntityResolver.java:74) - HHH000223: Recognized obsolete hibernate namespace http://hibernate.sourceforge.net/. Use namespace http://www.hibernate.org/dtd/ instead. Refer to Hibernate 3.6 Migration Guide!
[2013-11-23 14:59:43,299]DEBUG   646[main] - org.hibernate.internal.util.xml.DTDEntityResolver.resolveEntity(DTDEntityResolver.java:75) - Attempting to resolve on classpath under org/hibernate/
[2013-11-23 14:59:43,299]DEBUG   646[main] - org.hibernate.internal.util.xml.DTDEntityResolver.resolveOnClassPath(DTDEntityResolver.java:107) - Located [http://hibernate.sourceforge.net/hibernate-configuration-3.0.dtd] in classpath
[2013-11-23 14:59:43,323]DEBUG   670[main] - org.hibernate.cfg.Configuration.addProperties(Configuration.java:1895) - connection.driver_class=org.hsqldb.jdbcDriver
[2013-11-23 14:59:43,323]DEBUG   670[main] - org.hibernate.cfg.Configuration.addProperties(Configuration.java:1895) - connection.url=jdbc:hsqldb:hsql://localhost/POS
[2013-11-23 14:59:43,324]DEBUG   671[main] - org.hibernate.cfg.Configuration.addProperties(Configuration.java:1895) - connection.username=sa
[2013-11-23 14:59:43,324]DEBUG   671[main] - org.hibernate.cfg.Configuration.addProperties(Configuration.java:1895) - connection.password=
[2013-11-23 14:59:43,324]DEBUG   671[main] - org.hibernate.cfg.Configuration.addProperties(Configuration.java:1895) - connection.pool_size=1
[2013-11-23 14:59:43,324]DEBUG   671[main] - org.hibernate.cfg.Configuration.addProperties(Configuration.java:1895) - dialect=org.hibernate.dialect.HSQLDialect
[2013-11-23 14:59:43,324]DEBUG   671[main] - org.hibernate.cfg.Configuration.addProperties(Configuration.java:1895) - show_sql=true
[2013-11-23 14:59:43,325]DEBUG   672[main] - org.hibernate.cfg.Configuration.parseMappingElement(Configuration.java:2129) - Session-factory config [null] named package [ee.ut.math.tvt.salessystem.domain.data] for mapping
[2013-11-23 14:59:43,325]DEBUG   672[main] - org.hibernate.cfg.Configuration.addPackage(Configuration.java:774) - Mapping Package ee.ut.math.tvt.salessystem.domain.data
[2013-11-23 14:59:43,343]DEBUG   690[main] - org.hibernate.cfg.AnnotationBinder.bindPackage(AnnotationBinder.java:260) - HHH000194: Package not found or wo package-info.java: ee.ut.math.tvt.salessystem.domain.data
[2013-11-23 14:59:43,343]DEBUG   690[main] - org.hibernate.cfg.Configuration.parseMappingElement(Configuration.java:2134) - Session-factory config [null] named class [ee.ut.math.tvt.salessystem.domain.data.SoldItem] for mapping
[2013-11-23 14:59:43,351]DEBUG   698[main] - org.hibernate.cfg.Configuration.parseMappingElement(Configuration.java:2134) - Session-factory config [null] named class [ee.ut.math.tvt.salessystem.domain.data.StockItem] for mapping
[2013-11-23 14:59:43,352] INFO   699[main] - org.hibernate.cfg.Configuration.doConfigure(Configuration.java:2074) - HHH000041: Configured SessionFactory: null
[2013-11-23 14:59:43,352]DEBUG   699[main] - org.hibernate.cfg.Configuration.doConfigure(Configuration.java:2075) - Properties: {hibernate.connection.password=, java.runtime.name=Java(TM) SE Runtime Environment, sun.boot.library.path=C:\Program Files\Java\jre7\bin, java.vm.version=24.0-b56, hibernate.connection.username=sa, user.country.format=EE, java.vm.vendor=Oracle Corporation, java.vendor.url=http://java.oracle.com/, path.separator=;, java.vm.name=Java HotSpot(TM) 64-Bit Server VM, file.encoding.pkg=sun.io, user.script=, user.country=US, sun.java.launcher=SUN_STANDARD, sun.os.patch.level=, java.vm.specification.name=Java Virtual Machine Specification, user.dir=C:\Users\KarlM\Dropbox\Tarkvaratehnika\The-Team\POS\POS, java.runtime.version=1.7.0_40-b43, java.awt.graphicsenv=sun.awt.Win32GraphicsEnvironment, java.endorsed.dirs=C:\Program Files\Java\jre7\lib\endorsed, os.arch=amd64, java.io.tmpdir=C:\Users\KarlM\AppData\Local\Temp\, line.separator=
, java.vm.specification.vendor=Oracle Corporation, user.variant=, os.name=Windows 8, sun.jnu.encoding=Cp1252, java.library.path=C:\Program Files\Java\jre7\bin;C:\WINDOWS\Sun\Java\bin;C:\WINDOWS\system32;C:\WINDOWS;C:\Program Files (x86)\PC Connectivity Solution\;C:\Program Files (x86)\Estonian ID Card\;C:\WINDOWS\system32;C:\WINDOWS;C:\WINDOWS\System32\Wbem;C:\WINDOWS\System32\WindowsPowerShell\v1.0\;C:\Program Files (x86)\Windows Live\Shared;C:\Program Files (x86)\Intel\OpenCL SDK\3.0\bin\x86;C:\Program Files (x86)\Intel\OpenCL SDK\3.0\bin\x64;C:\Program Files (x86)\Git\cmd;., java.specification.name=Java Platform API Specification, java.class.version=51.0, hibernate.connection.pool_size=1, sun.management.compiler=HotSpot 64-Bit Tiered Compilers, os.version=6.2, connection.password=, user.home=C:\Users\KarlM, user.timezone=Europe/Helsinki, connection.username=sa, java.awt.printerjob=sun.awt.windows.WPrinterJob, file.encoding=Cp1252, java.specification.version=1.7, hibernate.connection.driver_class=org.hsqldb.jdbcDriver, show_sql=true, java.class.path=C:\Users\KarlM\Dropbox\Tarkvaratehnika\The-Team\POS\POS\build\classes;C:\Users\KarlM\Dropbox\Tarkvaratehnika\The-Team\POS\POS\lib\commons-logging-1.1.1.jar;C:\Users\KarlM\Dropbox\Tarkvaratehnika\The-Team\POS\POS\lib\hibernate\antlr-2.7.7.jar;C:\Users\KarlM\Dropbox\Tarkvaratehnika\The-Team\POS\POS\lib\hibernate\dom4j-1.6.1.jar;C:\Users\KarlM\Dropbox\Tarkvaratehnika\The-Team\POS\POS\lib\hibernate\ehcache-core-2.4.3.jar;C:\Users\KarlM\Dropbox\Tarkvaratehnika\The-Team\POS\POS\lib\hibernate\hibernate-commons-annotations-4.0.1.Final.jar;C:\Users\KarlM\Dropbox\Tarkvaratehnika\The-Team\POS\POS\lib\hibernate\hibernate-core-4.1.7.Final.jar;C:\Users\KarlM\Dropbox\Tarkvaratehnika\The-Team\POS\POS\lib\hibernate\hibernate-ehcache-4.1.7.Final.jar;C:\Users\KarlM\Dropbox\Tarkvaratehnika\The-Team\POS\POS\lib\hibernate\hibernate-jpa-2.0-api-1.0.1.Final.jar;C:\Users\KarlM\Dropbox\Tarkvaratehnika\The-Team\POS\POS\lib\hibernate\javassist-3.15.0-GA.jar;C:\Users\KarlM\Dropbox\Tarkvaratehnika\The-Team\POS\POS\lib\hibernate\jboss-logging-3.1.0.GA.jar;C:\Users\KarlM\Dropbox\Tarkvaratehnika\The-Team\POS\POS\lib\hibernate\jboss-transaction-api_1.1_spec-1.0.0.Final.jar;C:\Users\KarlM\Dropbox\Tarkvaratehnika\The-Team\POS\POS\lib\hibernate\slf4j-api-1.6.1.jar;C:\Users\KarlM\Dropbox\Tarkvaratehnika\The-Team\POS\POS\lib\hsqldb.jar;C:\Users\KarlM\Dropbox\Tarkvaratehnika\The-Team\POS\POS\lib\jgoodies-common-1.6.0.jar;C:\Users\KarlM\Dropbox\Tarkvaratehnika\The-Team\POS\POS\lib\jgoodies-looks-2.5.3.jar;C:\Users\KarlM\Dropbox\Tarkvaratehnika\The-Team\POS\POS\lib\log4j-1.2.17.jar;C:\Users\KarlM\Dropbox\Tarkvaratehnika\The-Team\POS\POS\lib\xercesImpl.jar;C:\Users\KarlM\Dropbox\Tarkvaratehnika\The-Team\POS\POS\lib\xml-apis.jar;C:\Users\KarlM\Dropbox\Tarkvaratehnika\The-Team\POS\POS\conf, user.name=KarlM, hibernate.bytecode.use_reflection_optimizer=false, hibernate.show_sql=true, java.vm.specification.version=1.7, sun.java.command=ee.ut.math.tvt.TheTeam.Intro, java.home=C:\Program Files\Java\jre7, sun.arch.data.model=64, hibernate.dialect=org.hibernate.dialect.HSQLDialect, hibernate.connection.url=jdbc:hsqldb:hsql://localhost/POS, connection.pool_size=1, user.language=en, java.specification.vendor=Oracle Corporation, user.language.format=et, awt.toolkit=sun.awt.windows.WToolkit, java.vm.info=mixed mode, java.version=1.7.0_40, java.ext.dirs=C:\Program Files\Java\jre7\lib\ext;C:\WINDOWS\Sun\Java\lib\ext, sun.boot.class.path=C:\Program Files\Java\jre7\lib\resources.jar;C:\Program Files\Java\jre7\lib\rt.jar;C:\Program Files\Java\jre7\lib\sunrsasign.jar;C:\Program Files\Java\jre7\lib\jsse.jar;C:\Program Files\Java\jre7\lib\jce.jar;C:\Program Files\Java\jre7\lib\charsets.jar;C:\Program Files\Java\jre7\lib\jfr.jar;C:\Program Files\Java\jre7\classes, java.vendor=Oracle Corporation, connection.driver_class=org.hsqldb.jdbcDriver, file.separator=\, java.vendor.url.bug=http://bugreport.sun.com/bugreport/, sun.io.unicode.encoding=UnicodeLittle, sun.cpu.endian=little, sun.desktop=windows, connection.url=jdbc:hsqldb:hsql://localhost/POS, dialect=org.hibernate.dialect.HSQLDialect, sun.cpu.isalist=amd64}
[2013-11-23 14:59:43,419]DEBUG   766[main] - org.hibernate.integrator.internal.IntegratorServiceImpl.addIntegrator(IntegratorServiceImpl.java:59) - Adding Integrator [org.hibernate.cfg.beanvalidation.BeanValidationIntegrator].
[2013-11-23 14:59:43,444]DEBUG   791[main] - org.hibernate.cfg.Configuration.buildSessionFactory(Configuration.java:1735) - Preparing to build session factory with filters : {}
[2013-11-23 14:59:43,465]DEBUG   812[main] - org.hibernate.cfg.Configuration$MetadataSourceQueue.processHbmXmlQueue(Configuration.java:3401) - Processing hbm.xml files
[2013-11-23 14:59:43,465]DEBUG   812[main] - org.hibernate.cfg.Configuration$MetadataSourceQueue.processAnnotatedClassesQueue(Configuration.java:3431) - Process annotated classes
[2013-11-23 14:59:43,472]DEBUG   819[main] - org.hibernate.cfg.AnnotationBinder.bindClass(AnnotationBinder.java:531) - Binding entity from annotated class: ee.ut.math.tvt.salessystem.domain.data.SoldItem
[2013-11-23 14:59:43,503]DEBUG   850[main] - org.hibernate.cfg.Ejb3Column.bind(Ejb3Column.java:196) - Binding column: Ejb3DiscriminatorColumn{logicalColumnName'DTYPE', discriminatorTypeName='string'}
[2013-11-23 14:59:43,505]DEBUG   852[main] - org.hibernate.cfg.AnnotationBinder.determineSharedCacheMode(AnnotationBinder.java:989) - No value specified for 'javax.persistence.sharedCache.mode'; using UNSPECIFIED
[2013-11-23 14:59:43,513]DEBUG   860[main] - org.hibernate.cfg.annotations.EntityBinder.bindEntity(EntityBinder.java:394) - Import with entity name SoldItem
[2013-11-23 14:59:43,515]DEBUG   862[main] - org.hibernate.cfg.annotations.EntityBinder.bindTable(EntityBinder.java:564) - Bind entity ee.ut.math.tvt.salessystem.domain.data.SoldItem on table SoldItem
[2013-11-23 14:59:43,553]DEBUG   900[main] - org.hibernate.cfg.Ejb3Column.bind(Ejb3Column.java:196) - Binding column: Ejb3Column{table=org.hibernate.mapping.Table(SoldItem), mappingColumn=id, insertable=true, updatable=true, unique=false}
[2013-11-23 14:59:43,557]DEBUG   904[main] - org.hibernate.cfg.annotations.PropertyBinder.makePropertyAndValue(PropertyBinder.java:178) - MetadataSourceProcessor property id with lazy=false
[2013-11-23 14:59:43,560]DEBUG   907[main] - org.hibernate.cfg.annotations.SimpleValueBinder.make(SimpleValueBinder.java:294) - building SimpleValue for id
[2013-11-23 14:59:43,562]DEBUG   909[main] - org.hibernate.cfg.annotations.PropertyBinder.makeProperty(PropertyBinder.java:259) - Building property id
[2013-11-23 14:59:43,569]DEBUG   916[main] - org.hibernate.cfg.Ejb3Column.bind(Ejb3Column.java:196) - Binding column: Ejb3Column{table=org.hibernate.mapping.Table(SoldItem), mappingColumn=name, insertable=true, updatable=true, unique=false}
[2013-11-23 14:59:43,569]DEBUG   916[main] - org.hibernate.cfg.annotations.PropertyBinder.makePropertyAndValue(PropertyBinder.java:178) - MetadataSourceProcessor property name with lazy=false
[2013-11-23 14:59:43,570]DEBUG   917[main] - org.hibernate.cfg.annotations.SimpleValueBinder.make(SimpleValueBinder.java:294) - building SimpleValue for name
[2013-11-23 14:59:43,570]DEBUG   917[main] - org.hibernate.cfg.annotations.PropertyBinder.makeProperty(PropertyBinder.java:259) - Building property name
[2013-11-23 14:59:43,571]DEBUG   918[main] - org.hibernate.cfg.Ejb3Column.bind(Ejb3Column.java:196) - Binding column: Ejb3Column{table=org.hibernate.mapping.Table(SoldItem), mappingColumn=price, insertable=true, updatable=true, unique=false}
[2013-11-23 14:59:43,571]DEBUG   918[main] - org.hibernate.cfg.annotations.PropertyBinder.makePropertyAndValue(PropertyBinder.java:178) - MetadataSourceProcessor property price with lazy=false
[2013-11-23 14:59:43,572]DEBUG   919[main] - org.hibernate.cfg.annotations.SimpleValueBinder.make(SimpleValueBinder.java:294) - building SimpleValue for price
[2013-11-23 14:59:43,572]DEBUG   919[main] - org.hibernate.cfg.annotations.PropertyBinder.makeProperty(PropertyBinder.java:259) - Building property price
[2013-11-23 14:59:43,573]DEBUG   920[main] - org.hibernate.cfg.Ejb3Column.bind(Ejb3Column.java:196) - Binding column: Ejb3Column{table=org.hibernate.mapping.Table(SoldItem), mappingColumn=quantity, insertable=true, updatable=true, unique=false}
[2013-11-23 14:59:43,573]DEBUG   920[main] - org.hibernate.cfg.annotations.PropertyBinder.makePropertyAndValue(PropertyBinder.java:178) - MetadataSourceProcessor property quantity with lazy=false
[2013-11-23 14:59:43,573]DEBUG   920[main] - org.hibernate.cfg.annotations.SimpleValueBinder.make(SimpleValueBinder.java:294) - building SimpleValue for quantity
[2013-11-23 14:59:43,574]DEBUG   921[main] - org.hibernate.cfg.annotations.PropertyBinder.makeProperty(PropertyBinder.java:259) - Building property quantity
[2013-11-23 14:59:43,575]DEBUG   922[main] - org.hibernate.cfg.Ejb3Column.bind(Ejb3Column.java:196) - Binding column: Ejb3JoinColumn{logicalColumnName='STOCKITEM_ID', referencedColumn='', mappedBy=''}
[2013-11-23 14:59:43,575]DEBUG   922[main] - org.hibernate.cfg.Ejb3Column.bind(Ejb3Column.java:196) - Binding column: Ejb3Column{table=org.hibernate.mapping.Table(SoldItem), mappingColumn=stockItem, insertable=true, updatable=true, unique=false}
[2013-11-23 14:59:43,581]DEBUG   928[main] - org.hibernate.cfg.annotations.PropertyBinder.makeProperty(PropertyBinder.java:259) - Building property stockItem
[2013-11-23 14:59:43,584]DEBUG   931[main] - org.hibernate.cfg.AnnotationBinder.bindClass(AnnotationBinder.java:531) - Binding entity from annotated class: ee.ut.math.tvt.salessystem.domain.data.StockItem
[2013-11-23 14:59:43,584]DEBUG   931[main] - org.hibernate.cfg.Ejb3Column.bind(Ejb3Column.java:196) - Binding column: Ejb3DiscriminatorColumn{logicalColumnName'DTYPE', discriminatorTypeName='string'}
[2013-11-23 14:59:43,614]DEBUG   961[main] - org.hibernate.cfg.AnnotationBinder.determineSharedCacheMode(AnnotationBinder.java:989) - No value specified for 'javax.persistence.sharedCache.mode'; using UNSPECIFIED
[2013-11-23 14:59:43,614]DEBUG   961[main] - org.hibernate.cfg.annotations.EntityBinder.bindEntity(EntityBinder.java:394) - Import with entity name StockItem
[2013-11-23 14:59:43,615]DEBUG   962[main] - org.hibernate.cfg.annotations.EntityBinder.bindTable(EntityBinder.java:564) - Bind entity ee.ut.math.tvt.salessystem.domain.data.StockItem on table StockItem
[2013-11-23 14:59:43,617]DEBUG   964[main] - org.hibernate.cfg.Ejb3Column.bind(Ejb3Column.java:196) - Binding column: Ejb3Column{table=org.hibernate.mapping.Table(StockItem), mappingColumn=id, insertable=true, updatable=true, unique=false}
[2013-11-23 14:59:43,618]DEBUG   965[main] - org.hibernate.cfg.annotations.PropertyBinder.makePropertyAndValue(PropertyBinder.java:178) - MetadataSourceProcessor property id with lazy=false
[2013-11-23 14:59:43,618]DEBUG   965[main] - org.hibernate.cfg.annotations.SimpleValueBinder.make(SimpleValueBinder.java:294) - building SimpleValue for id
[2013-11-23 14:59:43,618]DEBUG   965[main] - org.hibernate.cfg.annotations.PropertyBinder.makeProperty(PropertyBinder.java:259) - Building property id
[2013-11-23 14:59:43,618]DEBUG   965[main] - org.hibernate.cfg.Ejb3Column.bind(Ejb3Column.java:196) - Binding column: Ejb3Column{table=org.hibernate.mapping.Table(StockItem), mappingColumn=description, insertable=true, updatable=true, unique=false}
[2013-11-23 14:59:43,618]DEBUG   965[main] - org.hibernate.cfg.annotations.PropertyBinder.makePropertyAndValue(PropertyBinder.java:178) - MetadataSourceProcessor property description with lazy=false
[2013-11-23 14:59:43,619]DEBUG   966[main] - org.hibernate.cfg.annotations.SimpleValueBinder.make(SimpleValueBinder.java:294) - building SimpleValue for description
[2013-11-23 14:59:43,619]DEBUG   966[main] - org.hibernate.cfg.annotations.PropertyBinder.makeProperty(PropertyBinder.java:259) - Building property description
[2013-11-23 14:59:43,619]DEBUG   966[main] - org.hibernate.cfg.Ejb3Column.bind(Ejb3Column.java:196) - Binding column: Ejb3Column{table=org.hibernate.mapping.Table(StockItem), mappingColumn=name, insertable=true, updatable=true, unique=false}
[2013-11-23 14:59:43,619]DEBUG   966[main] - org.hibernate.cfg.annotations.PropertyBinder.makePropertyAndValue(PropertyBinder.java:178) - MetadataSourceProcessor property name with lazy=false
[2013-11-23 14:59:43,619]DEBUG   966[main] - org.hibernate.cfg.annotations.SimpleValueBinder.make(SimpleValueBinder.java:294) - building SimpleValue for name
[2013-11-23 14:59:43,620]DEBUG   967[main] - org.hibernate.cfg.annotations.PropertyBinder.makeProperty(PropertyBinder.java:259) - Building property name
[2013-11-23 14:59:43,620]DEBUG   967[main] - org.hibernate.cfg.Ejb3Column.bind(Ejb3Column.java:196) - Binding column: Ejb3Column{table=org.hibernate.mapping.Table(StockItem), mappingColumn=price, insertable=true, updatable=true, unique=false}
[2013-11-23 14:59:43,620]DEBUG   967[main] - org.hibernate.cfg.annotations.PropertyBinder.makePropertyAndValue(PropertyBinder.java:178) - MetadataSourceProcessor property price with lazy=false
[2013-11-23 14:59:43,620]DEBUG   967[main] - org.hibernate.cfg.annotations.SimpleValueBinder.make(SimpleValueBinder.java:294) - building SimpleValue for price
[2013-11-23 14:59:43,620]DEBUG   967[main] - org.hibernate.cfg.annotations.PropertyBinder.makeProperty(PropertyBinder.java:259) - Building property price
[2013-11-23 14:59:43,621]DEBUG   968[main] - org.hibernate.cfg.Ejb3Column.bind(Ejb3Column.java:196) - Binding column: Ejb3Column{table=org.hibernate.mapping.Table(StockItem), mappingColumn=quantity, insertable=true, updatable=true, unique=false}
[2013-11-23 14:59:43,621]DEBUG   968[main] - org.hibernate.cfg.annotations.PropertyBinder.makePropertyAndValue(PropertyBinder.java:178) - MetadataSourceProcessor property quantity with lazy=false
[2013-11-23 14:59:43,621]DEBUG   968[main] - org.hibernate.cfg.annotations.SimpleValueBinder.make(SimpleValueBinder.java:294) - building SimpleValue for quantity
[2013-11-23 14:59:43,621]DEBUG   968[main] - org.hibernate.cfg.annotations.PropertyBinder.makeProperty(PropertyBinder.java:259) - Building property quantity
[2013-11-23 14:59:43,622]DEBUG   969[main] - org.hibernate.cfg.annotations.SimpleValueBinder.fillSimpleValue(SimpleValueBinder.java:332) - Setting SimpleValue typeName for id
[2013-11-23 14:59:43,622]DEBUG   969[main] - org.hibernate.cfg.annotations.SimpleValueBinder.fillSimpleValue(SimpleValueBinder.java:332) - Setting SimpleValue typeName for name
[2013-11-23 14:59:43,718]DEBUG  1065[main] - org.hibernate.cfg.annotations.SimpleValueBinder.fillSimpleValue(SimpleValueBinder.java:332) - Setting SimpleValue typeName for price
[2013-11-23 14:59:43,718]DEBUG  1065[main] - org.hibernate.cfg.annotations.SimpleValueBinder.fillSimpleValue(SimpleValueBinder.java:332) - Setting SimpleValue typeName for quantity
[2013-11-23 14:59:43,719]DEBUG  1066[main] - org.hibernate.cfg.annotations.SimpleValueBinder.fillSimpleValue(SimpleValueBinder.java:332) - Setting SimpleValue typeName for id
[2013-11-23 14:59:43,719]DEBUG  1066[main] - org.hibernate.cfg.annotations.SimpleValueBinder.fillSimpleValue(SimpleValueBinder.java:332) - Setting SimpleValue typeName for description
[2013-11-23 14:59:43,719]DEBUG  1066[main] - org.hibernate.cfg.annotations.SimpleValueBinder.fillSimpleValue(SimpleValueBinder.java:332) - Setting SimpleValue typeName for name
[2013-11-23 14:59:43,719]DEBUG  1066[main] - org.hibernate.cfg.annotations.SimpleValueBinder.fillSimpleValue(SimpleValueBinder.java:332) - Setting SimpleValue typeName for price
[2013-11-23 14:59:43,720]DEBUG  1067[main] - org.hibernate.cfg.annotations.SimpleValueBinder.fillSimpleValue(SimpleValueBinder.java:332) - Setting SimpleValue typeName for quantity
[2013-11-23 14:59:43,720]DEBUG  1067[main] - org.hibernate.cfg.Configuration.processFkSecondPassInOrder(Configuration.java:1409) - Processing fk mappings (*ToOne and JoinedSubclass)
[2013-11-23 14:59:43,725]DEBUG  1072[main] - org.hibernate.cfg.Configuration.originalSecondPassCompile(Configuration.java:1589) - Processing extends queue
[2013-11-23 14:59:43,725]DEBUG  1072[main] - org.hibernate.cfg.Configuration.processExtendsQueue(Configuration.java:1643) - Processing extends queue
[2013-11-23 14:59:43,726]DEBUG  1073[main] - org.hibernate.cfg.Configuration.originalSecondPassCompile(Configuration.java:1592) - Processing collection mappings
[2013-11-23 14:59:43,726]DEBUG  1073[main] - org.hibernate.cfg.Configuration.originalSecondPassCompile(Configuration.java:1602) - Processing native query and ResultSetMapping mappings
[2013-11-23 14:59:43,726]DEBUG  1073[main] - org.hibernate.cfg.Configuration.originalSecondPassCompile(Configuration.java:1610) - Processing association property references
[2013-11-23 14:59:43,726]DEBUG  1073[main] - org.hibernate.cfg.Configuration.originalSecondPassCompile(Configuration.java:1632) - Processing foreign key constraints
[2013-11-23 14:59:43,726]DEBUG  1073[main] - org.hibernate.cfg.Configuration.secondPassCompileForeignKeys(Configuration.java:1700) - Resolving reference to class: ee.ut.math.tvt.salessystem.domain.data.StockItem
[2013-11-23 14:59:43,737] INFO  1084[main] - org.hibernate.service.jdbc.connections.internal.DriverManagerConnectionProviderImpl.configure(DriverManagerConnectionProviderImpl.java:96) - HHH000402: Using Hibernate built-in connection pool (not for production use!)
[2013-11-23 14:59:43,744] INFO  1091[main] - org.hibernate.service.jdbc.connections.internal.DriverManagerConnectionProviderImpl.configure(DriverManagerConnectionProviderImpl.java:130) - HHH000115: Hibernate connection pool size: 1
[2013-11-23 14:59:43,744] INFO  1091[main] - org.hibernate.service.jdbc.connections.internal.DriverManagerConnectionProviderImpl.configure(DriverManagerConnectionProviderImpl.java:133) - HHH000006: Autocommit mode: false
[2013-11-23 14:59:43,745] INFO  1092[main] - org.hibernate.service.jdbc.connections.internal.DriverManagerConnectionProviderImpl.configure(DriverManagerConnectionProviderImpl.java:147) - HHH000401: using driver [org.hsqldb.jdbcDriver] at URL [jdbc:hsqldb:hsql://localhost/POS]
[2013-11-23 14:59:43,745] INFO  1092[main] - org.hibernate.service.jdbc.connections.internal.DriverManagerConnectionProviderImpl.configure(DriverManagerConnectionProviderImpl.java:150) - HHH000046: Connection properties: {user=sa, password=}
[2013-11-23 14:59:43,764]DEBUG  1111[main] - org.hibernate.service.jdbc.connections.internal.DriverManagerConnectionProviderImpl.getConnection(DriverManagerConnectionProviderImpl.java:192) - Opening new JDBC connection
[2013-11-23 14:59:44,829] WARN  2176[main] - org.hibernate.engine.jdbc.internal.JdbcServicesImpl.configure(JdbcServicesImpl.java:169) - HHH000342: Could not obtain connection to query metadata : java.net.ConnectException: Connection refused: connect
[2013-11-23 14:59:44,836] INFO  2183[main] - org.hibernate.dialect.Dialect.<init>(Dialect.java:125) - HHH000400: Using dialect: org.hibernate.dialect.HSQLDialect
[2013-11-23 14:59:44,848] INFO  2195[main] - org.hibernate.engine.jdbc.internal.LobCreatorBuilder.useContextualLobCreation(LobCreatorBuilder.java:85) - HHH000422: Disabling contextual LOB creation as connection was null
[2013-11-23 14:59:44,865]DEBUG  2212[main] - org.hibernate.cfg.SettingsFactory.buildSettings(SettingsFactory.java:102) - Automatic flush during beforeCompletion(): disabled
[2013-11-23 14:59:44,866]DEBUG  2213[main] - org.hibernate.cfg.SettingsFactory.buildSettings(SettingsFactory.java:108) - Automatic session close at end of transaction: disabled
[2013-11-23 14:59:44,866]DEBUG  2213[main] - org.hibernate.cfg.SettingsFactory.buildSettings(SettingsFactory.java:135) - Scrollable result sets: disabled
[2013-11-23 14:59:44,866]DEBUG  2213[main] - org.hibernate.cfg.SettingsFactory.buildSettings(SettingsFactory.java:141) - Wrap result sets: disabled
[2013-11-23 14:59:44,866]DEBUG  2213[main] - org.hibernate.cfg.SettingsFactory.buildSettings(SettingsFactory.java:147) - JDBC3 getGeneratedKeys(): disabled
[2013-11-23 14:59:44,866]DEBUG  2213[main] - org.hibernate.cfg.SettingsFactory.buildSettings(SettingsFactory.java:159) - multi-tenancy strategy : NONE
[2013-11-23 14:59:44,866]DEBUG  2213[main] - org.hibernate.cfg.SettingsFactory.buildSettings(SettingsFactory.java:165) - Connection release mode: auto
[2013-11-23 14:59:44,867] INFO  2214[main] - org.hibernate.engine.transaction.internal.TransactionFactoryInitiator.initiateService(TransactionFactoryInitiator.java:68) - HHH000399: Using default transaction strategy (direct JDBC transactions)
[2013-11-23 14:59:44,869]DEBUG  2216[main] - org.hibernate.cfg.SettingsFactory.buildSettings(SettingsFactory.java:207) - Default batch fetch size: 1
[2013-11-23 14:59:44,869]DEBUG  2216[main] - org.hibernate.cfg.SettingsFactory.buildSettings(SettingsFactory.java:213) - Generate SQL with comments: disabled
[2013-11-23 14:59:44,869]DEBUG  2216[main] - org.hibernate.cfg.SettingsFactory.buildSettings(SettingsFactory.java:219) - Order SQL updates by primary key: disabled
[2013-11-23 14:59:44,870]DEBUG  2217[main] - org.hibernate.cfg.SettingsFactory.buildSettings(SettingsFactory.java:225) - Order SQL inserts for batching: disabled
[2013-11-23 14:59:44,870]DEBUG  2217[main] - org.hibernate.cfg.SettingsFactory.createQueryTranslatorFactory(SettingsFactory.java:450) - Query translator: org.hibernate.hql.internal.ast.ASTQueryTranslatorFactory
[2013-11-23 14:59:44,871] INFO  2218[main] - org.hibernate.hql.internal.ast.ASTQueryTranslatorFactory.<init>(ASTQueryTranslatorFactory.java:48) - HHH000397: Using ASTQueryTranslatorFactory
[2013-11-23 14:59:44,872]DEBUG  2219[main] - org.hibernate.cfg.SettingsFactory.buildSettings(SettingsFactory.java:235) - Query language substitutions: {}
[2013-11-23 14:59:44,872]DEBUG  2219[main] - org.hibernate.cfg.SettingsFactory.buildSettings(SettingsFactory.java:241) - JPA-QL strict compliance: disabled
[2013-11-23 14:59:44,872]DEBUG  2219[main] - org.hibernate.cfg.SettingsFactory.buildSettings(SettingsFactory.java:249) - Second-level cache: enabled
[2013-11-23 14:59:44,872]DEBUG  2219[main] - org.hibernate.cfg.SettingsFactory.buildSettings(SettingsFactory.java:255) - Query cache: disabled
[2013-11-23 14:59:44,872]DEBUG  2219[main] - org.hibernate.cfg.SettingsFactory.createRegionFactory(SettingsFactory.java:390) - Cache region factory : org.hibernate.cache.internal.NoCachingRegionFactory
[2013-11-23 14:59:44,873]DEBUG  2220[main] - org.hibernate.cfg.SettingsFactory.createRegionFactory(SettingsFactory.java:400) - org.hibernate.cache.internal.NoCachingRegionFactory did not provide constructor accepting java.util.Properties; attempting no-arg constructor.
[2013-11-23 14:59:44,873]DEBUG  2220[main] - org.hibernate.cfg.SettingsFactory.buildSettings(SettingsFactory.java:270) - Optimize cache for minimal puts: disabled
[2013-11-23 14:59:44,873]DEBUG  2220[main] - org.hibernate.cfg.SettingsFactory.buildSettings(SettingsFactory.java:285) - Structured second-level cache entries: disabled
[2013-11-23 14:59:44,932]DEBUG  2279[main] - org.hibernate.cfg.SettingsFactory.buildSettings(SettingsFactory.java:294) - Statistics: disabled
[2013-11-23 14:59:44,932]DEBUG  2279[main] - org.hibernate.cfg.SettingsFactory.buildSettings(SettingsFactory.java:300) - Deleted entity synthetic identifier rollback: disabled
[2013-11-23 14:59:44,933]DEBUG  2280[main] - org.hibernate.cfg.SettingsFactory.buildSettings(SettingsFactory.java:324) - Default entity-mode: pojo
[2013-11-23 14:59:44,933]DEBUG  2280[main] - org.hibernate.cfg.SettingsFactory.buildSettings(SettingsFactory.java:330) - Named query checking : enabled
[2013-11-23 14:59:44,933]DEBUG  2280[main] - org.hibernate.cfg.SettingsFactory.buildSettings(SettingsFactory.java:336) - Check Nullability in Core (should be disabled when Bean Validation is on): enabled
[2013-11-23 14:59:44,944]DEBUG  2291[main] - org.hibernate.internal.SessionFactoryImpl.<init>(SessionFactoryImpl.java:223) - Building session factory
[2013-11-23 14:59:44,957]DEBUG  2304[main] - org.hibernate.internal.SessionFactoryImpl.<init>(SessionFactoryImpl.java:275) - Session factory constructed with filter configurations : {}
[2013-11-23 14:59:44,957]DEBUG  2304[main] - org.hibernate.internal.SessionFactoryImpl.<init>(SessionFactoryImpl.java:276) - Instantiating session factory with properties: {java.runtime.name=Java(TM) SE Runtime Environment, hibernate.connection.password=, sun.boot.library.path=C:\Program Files\Java\jre7\bin, java.vm.version=24.0-b56, hibernate.connection.username=sa, user.country.format=EE, java.vm.vendor=Oracle Corporation, java.vendor.url=http://java.oracle.com/, path.separator=;, java.vm.name=Java HotSpot(TM) 64-Bit Server VM, file.encoding.pkg=sun.io, user.script=, user.country=US, sun.java.launcher=SUN_STANDARD, sun.os.patch.level=, java.vm.specification.name=Java Virtual Machine Specification, user.dir=C:\Users\KarlM\Dropbox\Tarkvaratehnika\The-Team\POS\POS, java.runtime.version=1.7.0_40-b43, java.awt.graphicsenv=sun.awt.Win32GraphicsEnvironment, java.endorsed.dirs=C:\Program Files\Java\jre7\lib\endorsed, os.arch=amd64, java.io.tmpdir=C:\Users\KarlM\AppData\Local\Temp\, line.separator=
, java.vm.specification.vendor=Oracle Corporation, user.variant=, os.name=Windows 8, sun.jnu.encoding=Cp1252, java.library.path=C:\Program Files\Java\jre7\bin;C:\WINDOWS\Sun\Java\bin;C:\WINDOWS\system32;C:\WINDOWS;C:\Program Files (x86)\PC Connectivity Solution\;C:\Program Files (x86)\Estonian ID Card\;C:\WINDOWS\system32;C:\WINDOWS;C:\WINDOWS\System32\Wbem;C:\WINDOWS\System32\WindowsPowerShell\v1.0\;C:\Program Files (x86)\Windows Live\Shared;C:\Program Files (x86)\Intel\OpenCL SDK\3.0\bin\x86;C:\Program Files (x86)\Intel\OpenCL SDK\3.0\bin\x64;C:\Program Files (x86)\Git\cmd;., java.specification.name=Java Platform API Specification, java.class.version=51.0, hibernate.connection.pool_size=1, sun.management.compiler=HotSpot 64-Bit Tiered Compilers, os.version=6.2, user.home=C:\Users\KarlM, connection.password=, user.timezone=Europe/Helsinki, java.awt.printerjob=sun.awt.windows.WPrinterJob, connection.username=sa, java.specification.version=1.7, file.encoding=Cp1252, hibernate.connection.driver_class=org.hsqldb.jdbcDriver, show_sql=true, user.name=KarlM, java.class.path=C:\Users\KarlM\Dropbox\Tarkvaratehnika\The-Team\POS\POS\build\classes;C:\Users\KarlM\Dropbox\Tarkvaratehnika\The-Team\POS\POS\lib\commons-logging-1.1.1.jar;C:\Users\KarlM\Dropbox\Tarkvaratehnika\The-Team\POS\POS\lib\hibernate\antlr-2.7.7.jar;C:\Users\KarlM\Dropbox\Tarkvaratehnika\The-Team\POS\POS\lib\hibernate\dom4j-1.6.1.jar;C:\Users\KarlM\Dropbox\Tarkvaratehnika\The-Team\POS\POS\lib\hibernate\ehcache-core-2.4.3.jar;C:\Users\KarlM\Dropbox\Tarkvaratehnika\The-Team\POS\POS\lib\hibernate\hibernate-commons-annotations-4.0.1.Final.jar;C:\Users\KarlM\Dropbox\Tarkvaratehnika\The-Team\POS\POS\lib\hibernate\hibernate-core-4.1.7.Final.jar;C:\Users\KarlM\Dropbox\Tarkvaratehnika\The-Team\POS\POS\lib\hibernate\hibernate-ehcache-4.1.7.Final.jar;C:\Users\KarlM\Dropbox\Tarkvaratehnika\The-Team\POS\POS\lib\hibernate\hibernate-jpa-2.0-api-1.0.1.Final.jar;C:\Users\KarlM\Dropbox\Tarkvaratehnika\The-Team\POS\POS\lib\hibernate\javassist-3.15.0-GA.jar;C:\Users\KarlM\Dropbox\Tarkvaratehnika\The-Team\POS\POS\lib\hibernate\jboss-logging-3.1.0.GA.jar;C:\Users\KarlM\Dropbox\Tarkvaratehnika\The-Team\POS\POS\lib\hibernate\jboss-transaction-api_1.1_spec-1.0.0.Final.jar;C:\Users\KarlM\Dropbox\Tarkvaratehnika\The-Team\POS\POS\lib\hibernate\slf4j-api-1.6.1.jar;C:\Users\KarlM\Dropbox\Tarkvaratehnika\The-Team\POS\POS\lib\hsqldb.jar;C:\Users\KarlM\Dropbox\Tarkvaratehnika\The-Team\POS\POS\lib\jgoodies-common-1.6.0.jar;C:\Users\KarlM\Dropbox\Tarkvaratehnika\The-Team\POS\POS\lib\jgoodies-looks-2.5.3.jar;C:\Users\KarlM\Dropbox\Tarkvaratehnika\The-Team\POS\POS\lib\log4j-1.2.17.jar;C:\Users\KarlM\Dropbox\Tarkvaratehnika\The-Team\POS\POS\lib\xercesImpl.jar;C:\Users\KarlM\Dropbox\Tarkvaratehnika\The-Team\POS\POS\lib\xml-apis.jar;C:\Users\KarlM\Dropbox\Tarkvaratehnika\The-Team\POS\POS\conf, hibernate.bytecode.use_reflection_optimizer=false, hibernate.show_sql=true, java.vm.specification.version=1.7, sun.arch.data.model=64, java.home=C:\Program Files\Java\jre7, sun.java.command=ee.ut.math.tvt.TheTeam.Intro, hibernate.connection.url=jdbc:hsqldb:hsql://localhost/POS, hibernate.dialect=org.hibernate.dialect.HSQLDialect, java.specification.vendor=Oracle Corporation, user.language=en, connection.pool_size=1, user.language.format=et, awt.toolkit=sun.awt.windows.WToolkit, java.vm.info=mixed mode, java.version=1.7.0_40, java.ext.dirs=C:\Program Files\Java\jre7\lib\ext;C:\WINDOWS\Sun\Java\lib\ext, sun.boot.class.path=C:\Program Files\Java\jre7\lib\resources.jar;C:\Program Files\Java\jre7\lib\rt.jar;C:\Program Files\Java\jre7\lib\sunrsasign.jar;C:\Program Files\Java\jre7\lib\jsse.jar;C:\Program Files\Java\jre7\lib\jce.jar;C:\Program Files\Java\jre7\lib\charsets.jar;C:\Program Files\Java\jre7\lib\jfr.jar;C:\Program Files\Java\jre7\classes, java.vendor=Oracle Corporation, file.separator=\, connection.driver_class=org.hsqldb.jdbcDriver, java.vendor.url.bug=http://bugreport.sun.com/bugreport/, sun.cpu.endian=little, sun.io.unicode.encoding=UnicodeLittle, sun.desktop=windows, connection.url=jdbc:hsqldb:hsql://localhost/POS, sun.cpu.isalist=amd64, dialect=org.hibernate.dialect.HSQLDialect}
[2013-11-23 14:59:45,048]DEBUG  2395[main] - org.hibernate.id.factory.internal.DefaultIdentifierGeneratorFactory.setDialect(DefaultIdentifierGeneratorFactory.java:107) - Setting dialect [org.hibernate.dialect.HSQLDialect]
[2013-11-23 14:59:45,049]DEBUG  2396[main] - org.hibernate.id.factory.internal.DefaultIdentifierGeneratorFactory.setDialect(DefaultIdentifierGeneratorFactory.java:107) - Setting dialect [org.hibernate.dialect.HSQLDialect]
[2013-11-23 14:59:45,164]DEBUG  2511[main] - org.hibernate.persister.entity.AbstractEntityPersister.logStaticSQL(AbstractEntityPersister.java:3486) - Static SQL for entity: ee.ut.math.tvt.salessystem.domain.data.StockItem
[2013-11-23 14:59:45,164]DEBUG  2511[main] - org.hibernate.persister.entity.AbstractEntityPersister.logStaticSQL(AbstractEntityPersister.java:3491) -  Version select: select id from StockItem where id =?
[2013-11-23 14:59:45,164]DEBUG  2511[main] - org.hibernate.persister.entity.AbstractEntityPersister.logStaticSQL(AbstractEntityPersister.java:3494) -  Snapshot select: select stockitem_.id, stockitem_.description as descript2_1_, stockitem_.name as name1_, stockitem_.price as price1_, stockitem_.quantity as quantity1_ from StockItem stockitem_ where stockitem_.id=?
[2013-11-23 14:59:45,164]DEBUG  2511[main] - org.hibernate.persister.entity.AbstractEntityPersister.logStaticSQL(AbstractEntityPersister.java:3497) -  Insert 0: insert into StockItem (description, name, price, quantity, id) values (?, ?, ?, ?, ?)
[2013-11-23 14:59:45,164]DEBUG  2511[main] - org.hibernate.persister.entity.AbstractEntityPersister.logStaticSQL(AbstractEntityPersister.java:3498) -  Update 0: update StockItem set description=?, name=?, price=?, quantity=? where id=?
[2013-11-23 14:59:45,165]DEBUG  2512[main] - org.hibernate.persister.entity.AbstractEntityPersister.logStaticSQL(AbstractEntityPersister.java:3499) -  Delete 0: delete from StockItem where id=?
[2013-11-23 14:59:45,165]DEBUG  2512[main] - org.hibernate.persister.entity.AbstractEntityPersister.logStaticSQL(AbstractEntityPersister.java:3502) -  Identity insert: insert into StockItem (id, description, name, price, quantity) values (default, ?, ?, ?, ?)
[2013-11-23 14:59:45,165] INFO  2512[main] - org.hibernate.tuple.PojoInstantiator.<init>(PojoInstantiator.java:85) - HHH000182: No default (no-argument) constructor for class: ee.ut.math.tvt.salessystem.domain.data.SoldItem (class must be instantiated by Interceptor)
[2013-11-23 14:59:45,169]DEBUG  2516[main] - org.hibernate.persister.entity.AbstractEntityPersister.logStaticSQL(AbstractEntityPersister.java:3486) - Static SQL for entity: ee.ut.math.tvt.salessystem.domain.data.SoldItem
[2013-11-23 14:59:45,169]DEBUG  2516[main] - org.hibernate.persister.entity.AbstractEntityPersister.logStaticSQL(AbstractEntityPersister.java:3491) -  Version select: select id from SoldItem where id =?
[2013-11-23 14:59:45,169]DEBUG  2516[main] - org.hibernate.persister.entity.AbstractEntityPersister.logStaticSQL(AbstractEntityPersister.java:3494) -  Snapshot select: select solditem_.id, solditem_.name as name0_, solditem_.price as price0_, solditem_.quantity as quantity0_ from SoldItem solditem_ where solditem_.id=?
[2013-11-23 14:59:45,170]DEBUG  2517[main] - org.hibernate.persister.entity.AbstractEntityPersister.logStaticSQL(AbstractEntityPersister.java:3497) -  Insert 0: insert into SoldItem (name, price, quantity, STOCKITEM_ID, id) values (?, ?, ?, ?, ?)
[2013-11-23 14:59:45,170]DEBUG  2517[main] - org.hibernate.persister.entity.AbstractEntityPersister.logStaticSQL(AbstractEntityPersister.java:3498) -  Update 0: update SoldItem set name=?, price=?, quantity=? where id=?
[2013-11-23 14:59:45,170]DEBUG  2517[main] - org.hibernate.persister.entity.AbstractEntityPersister.logStaticSQL(AbstractEntityPersister.java:3499) -  Delete 0: delete from SoldItem where id=?
[2013-11-23 14:59:45,170]DEBUG  2517[main] - org.hibernate.persister.entity.AbstractEntityPersister.logStaticSQL(AbstractEntityPersister.java:3502) -  Identity insert: insert into SoldItem (id, name, price, quantity, STOCKITEM_ID) values (default, ?, ?, ?, ?)
[2013-11-23 14:59:45,184]DEBUG  2531[main] - org.hibernate.loader.entity.EntityLoader.<init>(EntityLoader.java:123) - Static select for entity ee.ut.math.tvt.salessystem.domain.data.StockItem [NONE]: select stockitem0_.id as id1_0_, stockitem0_.description as descript2_1_0_, stockitem0_.name as name1_0_, stockitem0_.price as price1_0_, stockitem0_.quantity as quantity1_0_ from StockItem stockitem0_ where stockitem0_.id=?
[2013-11-23 14:59:45,185]DEBUG  2532[main] - org.hibernate.loader.entity.EntityLoader.<init>(EntityLoader.java:123) - Static select for entity ee.ut.math.tvt.salessystem.domain.data.StockItem [READ]: select stockitem0_.id as id1_0_, stockitem0_.description as descript2_1_0_, stockitem0_.name as name1_0_, stockitem0_.price as price1_0_, stockitem0_.quantity as quantity1_0_ from StockItem stockitem0_ where stockitem0_.id=?
[2013-11-23 14:59:45,238]DEBUG  2585[main] - org.hibernate.loader.entity.EntityLoader.<init>(EntityLoader.java:123) - Static select for entity ee.ut.math.tvt.salessystem.domain.data.StockItem [UPGRADE]: select stockitem0_.id as id1_0_, stockitem0_.description as descript2_1_0_, stockitem0_.name as name1_0_, stockitem0_.price as price1_0_, stockitem0_.quantity as quantity1_0_ from StockItem stockitem0_ where stockitem0_.id=?
[2013-11-23 14:59:45,239]DEBUG  2586[main] - org.hibernate.loader.entity.EntityLoader.<init>(EntityLoader.java:123) - Static select for entity ee.ut.math.tvt.salessystem.domain.data.StockItem [UPGRADE_NOWAIT]: select stockitem0_.id as id1_0_, stockitem0_.description as descript2_1_0_, stockitem0_.name as name1_0_, stockitem0_.price as price1_0_, stockitem0_.quantity as quantity1_0_ from StockItem stockitem0_ where stockitem0_.id=?
[2013-11-23 14:59:45,239]DEBUG  2586[main] - org.hibernate.loader.entity.EntityLoader.<init>(EntityLoader.java:123) - Static select for entity ee.ut.math.tvt.salessystem.domain.data.StockItem [FORCE]: select stockitem0_.id as id1_0_, stockitem0_.description as descript2_1_0_, stockitem0_.name as name1_0_, stockitem0_.price as price1_0_, stockitem0_.quantity as quantity1_0_ from StockItem stockitem0_ where stockitem0_.id=?
[2013-11-23 14:59:45,240]DEBUG  2587[main] - org.hibernate.loader.entity.EntityLoader.<init>(EntityLoader.java:123) - Static select for entity ee.ut.math.tvt.salessystem.domain.data.StockItem [PESSIMISTIC_READ]: select stockitem0_.id as id1_0_, stockitem0_.description as descript2_1_0_, stockitem0_.name as name1_0_, stockitem0_.price as price1_0_, stockitem0_.quantity as quantity1_0_ from StockItem stockitem0_ where stockitem0_.id=?
[2013-11-23 14:59:45,240]DEBUG  2587[main] - org.hibernate.loader.entity.EntityLoader.<init>(EntityLoader.java:123) - Static select for entity ee.ut.math.tvt.salessystem.domain.data.StockItem [PESSIMISTIC_WRITE]: select stockitem0_.id as id1_0_, stockitem0_.description as descript2_1_0_, stockitem0_.name as name1_0_, stockitem0_.price as price1_0_, stockitem0_.quantity as quantity1_0_ from StockItem stockitem0_ where stockitem0_.id=?
[2013-11-23 14:59:45,241]DEBUG  2588[main] - org.hibernate.loader.entity.EntityLoader.<init>(EntityLoader.java:123) - Static select for entity ee.ut.math.tvt.salessystem.domain.data.StockItem [PESSIMISTIC_FORCE_INCREMENT]: select stockitem0_.id as id1_0_, stockitem0_.description as descript2_1_0_, stockitem0_.name as name1_0_, stockitem0_.price as price1_0_, stockitem0_.quantity as quantity1_0_ from StockItem stockitem0_ where stockitem0_.id=?
[2013-11-23 14:59:45,241]DEBUG  2588[main] - org.hibernate.loader.entity.EntityLoader.<init>(EntityLoader.java:123) - Static select for entity ee.ut.math.tvt.salessystem.domain.data.StockItem [OPTIMISTIC]: select stockitem0_.id as id1_0_, stockitem0_.description as descript2_1_0_, stockitem0_.name as name1_0_, stockitem0_.price as price1_0_, stockitem0_.quantity as quantity1_0_ from StockItem stockitem0_ where stockitem0_.id=?
[2013-11-23 14:59:45,241]DEBUG  2588[main] - org.hibernate.loader.entity.EntityLoader.<init>(EntityLoader.java:123) - Static select for entity ee.ut.math.tvt.salessystem.domain.data.StockItem [OPTIMISTIC_FORCE_INCREMENT]: select stockitem0_.id as id1_0_, stockitem0_.description as descript2_1_0_, stockitem0_.name as name1_0_, stockitem0_.price as price1_0_, stockitem0_.quantity as quantity1_0_ from StockItem stockitem0_ where stockitem0_.id=?
[2013-11-23 14:59:45,248]DEBUG  2595[main] - org.hibernate.loader.entity.CascadeEntityLoader.<init>(CascadeEntityLoader.java:56) - Static select for action ACTION_MERGE on entity ee.ut.math.tvt.salessystem.domain.data.StockItem: select stockitem0_.id as id1_0_, stockitem0_.description as descript2_1_0_, stockitem0_.name as name1_0_, stockitem0_.price as price1_0_, stockitem0_.quantity as quantity1_0_ from StockItem stockitem0_ where stockitem0_.id=?
[2013-11-23 14:59:45,248]DEBUG  2595[main] - org.hibernate.loader.entity.CascadeEntityLoader.<init>(CascadeEntityLoader.java:56) - Static select for action ACTION_REFRESH on entity ee.ut.math.tvt.salessystem.domain.data.StockItem: select stockitem0_.id as id1_0_, stockitem0_.description as descript2_1_0_, stockitem0_.name as name1_0_, stockitem0_.price as price1_0_, stockitem0_.quantity as quantity1_0_ from StockItem stockitem0_ where stockitem0_.id=?
[2013-11-23 14:59:45,251]DEBUG  2598[main] - org.hibernate.loader.entity.EntityLoader.<init>(EntityLoader.java:123) - Static select for entity ee.ut.math.tvt.salessystem.domain.data.SoldItem [NONE]: select solditem0_.id as id0_1_, solditem0_.name as name0_1_, solditem0_.price as price0_1_, solditem0_.quantity as quantity0_1_, solditem0_.STOCKITEM_ID as STOCKITEM5_0_1_, stockitem1_.id as id1_0_, stockitem1_.description as descript2_1_0_, stockitem1_.name as name1_0_, stockitem1_.price as price1_0_, stockitem1_.quantity as quantity1_0_ from SoldItem solditem0_ inner join StockItem stockitem1_ on solditem0_.STOCKITEM_ID=stockitem1_.id where solditem0_.id=?
[2013-11-23 14:59:45,251]DEBUG  2598[main] - org.hibernate.loader.entity.EntityLoader.<init>(EntityLoader.java:123) - Static select for entity ee.ut.math.tvt.salessystem.domain.data.SoldItem [READ]: select solditem0_.id as id0_1_, solditem0_.name as name0_1_, solditem0_.price as price0_1_, solditem0_.quantity as quantity0_1_, solditem0_.STOCKITEM_ID as STOCKITEM5_0_1_, stockitem1_.id as id1_0_, stockitem1_.description as descript2_1_0_, stockitem1_.name as name1_0_, stockitem1_.price as price1_0_, stockitem1_.quantity as quantity1_0_ from SoldItem solditem0_ inner join StockItem stockitem1_ on solditem0_.STOCKITEM_ID=stockitem1_.id where solditem0_.id=?
[2013-11-23 14:59:45,251]DEBUG  2598[main] - org.hibernate.loader.entity.EntityLoader.<init>(EntityLoader.java:123) - Static select for entity ee.ut.math.tvt.salessystem.domain.data.SoldItem [UPGRADE]: select solditem0_.id as id0_0_, solditem0_.name as name0_0_, solditem0_.price as price0_0_, solditem0_.quantity as quantity0_0_, solditem0_.STOCKITEM_ID as STOCKITEM5_0_0_ from SoldItem solditem0_ where solditem0_.id=?
[2013-11-23 14:59:45,252]DEBUG  2599[main] - org.hibernate.loader.entity.EntityLoader.<init>(EntityLoader.java:123) - Static select for entity ee.ut.math.tvt.salessystem.domain.data.SoldItem [UPGRADE_NOWAIT]: select solditem0_.id as id0_0_, solditem0_.name as name0_0_, solditem0_.price as price0_0_, solditem0_.quantity as quantity0_0_, solditem0_.STOCKITEM_ID as STOCKITEM5_0_0_ from SoldItem solditem0_ where solditem0_.id=?
[2013-11-23 14:59:45,341]DEBUG  2688[main] - org.hibernate.loader.entity.EntityLoader.<init>(EntityLoader.java:123) - Static select for entity ee.ut.math.tvt.salessystem.domain.data.SoldItem [FORCE]: select solditem0_.id as id0_0_, solditem0_.name as name0_0_, solditem0_.price as price0_0_, solditem0_.quantity as quantity0_0_, solditem0_.STOCKITEM_ID as STOCKITEM5_0_0_ from SoldItem solditem0_ where solditem0_.id=?
[2013-11-23 14:59:45,342]DEBUG  2689[main] - org.hibernate.loader.entity.EntityLoader.<init>(EntityLoader.java:123) - Static select for entity ee.ut.math.tvt.salessystem.domain.data.SoldItem [PESSIMISTIC_READ]: select solditem0_.id as id0_0_, solditem0_.name as name0_0_, solditem0_.price as price0_0_, solditem0_.quantity as quantity0_0_, solditem0_.STOCKITEM_ID as STOCKITEM5_0_0_ from SoldItem solditem0_ where solditem0_.id=?
[2013-11-23 14:59:45,342]DEBUG  2689[main] - org.hibernate.loader.entity.EntityLoader.<init>(EntityLoader.java:123) - Static select for entity ee.ut.math.tvt.salessystem.domain.data.SoldItem [PESSIMISTIC_WRITE]: select solditem0_.id as id0_0_, solditem0_.name as name0_0_, solditem0_.price as price0_0_, solditem0_.quantity as quantity0_0_, solditem0_.STOCKITEM_ID as STOCKITEM5_0_0_ from SoldItem solditem0_ where solditem0_.id=?
[2013-11-23 14:59:45,343]DEBUG  2690[main] - org.hibernate.loader.entity.EntityLoader.<init>(EntityLoader.java:123) - Static select for entity ee.ut.math.tvt.salessystem.domain.data.SoldItem [PESSIMISTIC_FORCE_INCREMENT]: select solditem0_.id as id0_0_, solditem0_.name as name0_0_, solditem0_.price as price0_0_, solditem0_.quantity as quantity0_0_, solditem0_.STOCKITEM_ID as STOCKITEM5_0_0_ from SoldItem solditem0_ where solditem0_.id=?
[2013-11-23 14:59:45,344]DEBUG  2691[main] - org.hibernate.loader.entity.EntityLoader.<init>(EntityLoader.java:123) - Static select for entity ee.ut.math.tvt.salessystem.domain.data.SoldItem [OPTIMISTIC]: select solditem0_.id as id0_0_, solditem0_.name as name0_0_, solditem0_.price as price0_0_, solditem0_.quantity as quantity0_0_, solditem0_.STOCKITEM_ID as STOCKITEM5_0_0_ from SoldItem solditem0_ where solditem0_.id=?
[2013-11-23 14:59:45,344]DEBUG  2691[main] - org.hibernate.loader.entity.EntityLoader.<init>(EntityLoader.java:123) - Static select for entity ee.ut.math.tvt.salessystem.domain.data.SoldItem [OPTIMISTIC_FORCE_INCREMENT]: select solditem0_.id as id0_0_, solditem0_.name as name0_0_, solditem0_.price as price0_0_, solditem0_.quantity as quantity0_0_, solditem0_.STOCKITEM_ID as STOCKITEM5_0_0_ from SoldItem solditem0_ where solditem0_.id=?
[2013-11-23 14:59:45,345]DEBUG  2692[main] - org.hibernate.loader.entity.CascadeEntityLoader.<init>(CascadeEntityLoader.java:56) - Static select for action ACTION_MERGE on entity ee.ut.math.tvt.salessystem.domain.data.SoldItem: select solditem0_.id as id0_0_, solditem0_.name as name0_0_, solditem0_.price as price0_0_, solditem0_.quantity as quantity0_0_, solditem0_.STOCKITEM_ID as STOCKITEM5_0_0_ from SoldItem solditem0_ where solditem0_.id=?
[2013-11-23 14:59:45,345]DEBUG  2692[main] - org.hibernate.loader.entity.CascadeEntityLoader.<init>(CascadeEntityLoader.java:56) - Static select for action ACTION_REFRESH on entity ee.ut.math.tvt.salessystem.domain.data.SoldItem: select solditem0_.id as id0_0_, solditem0_.name as name0_0_, solditem0_.price as price0_0_, solditem0_.quantity as quantity0_0_, solditem0_.STOCKITEM_ID as STOCKITEM5_0_0_ from SoldItem solditem0_ where solditem0_.id=?
[2013-11-23 14:59:45,364]DEBUG  2711[main] - org.hibernate.internal.SessionFactoryRegistry.<init>(SessionFactoryRegistry.java:62) - Initializing SessionFactoryRegistry : org.hibernate.internal.SessionFactoryRegistry@5c21e866
[2013-11-23 14:59:45,367]DEBUG  2714[main] - org.hibernate.internal.SessionFactoryRegistry.addSessionFactory(SessionFactoryRegistry.java:75) - Registering SessionFactory: 5e28accf-c31a-41e1-8998-6d954cd36d82 (<unnamed>)
[2013-11-23 14:59:45,367]DEBUG  2714[main] - org.hibernate.internal.SessionFactoryRegistry.addSessionFactory(SessionFactoryRegistry.java:82) - Not binding SessionFactory to JNDI, no JNDI name configured
[2013-11-23 14:59:45,368]DEBUG  2715[main] - org.hibernate.internal.SessionFactoryImpl.<init>(SessionFactoryImpl.java:484) - Instantiated session factory
[2013-11-23 14:59:45,368]DEBUG  2715[main] - org.hibernate.internal.SessionFactoryImpl.checkNamedQueries(SessionFactoryImpl.java:1021) - Checking 0 named HQL queries
[2013-11-23 14:59:45,368]DEBUG  2715[main] - org.hibernate.internal.SessionFactoryImpl.checkNamedQueries(SessionFactoryImpl.java:1044) - Checking 0 named SQL queries
[2013-11-23 14:59:45,378]DEBUG  2725[main] - org.hibernate.stat.internal.StatisticsInitiator.initiateServiceInternal(StatisticsInitiator.java:110) - Statistics initialized [enabled=false]
[2013-11-23 14:59:45,432]DEBUG  2779[main] - org.hibernate.internal.SessionImpl.<init>(SessionImpl.java:312) - Opened session at timestamp: 13852115853
[2013-11-23 14:59:45,707]DEBUG  3054[main] - org.hibernate.hql.internal.ast.QueryTranslatorImpl.parse(QueryTranslatorImpl.java:265) - parse() - HQL: from ee.ut.math.tvt.salessystem.domain.data.StockItem
[2013-11-23 14:59:45,719]DEBUG  3066[main] - org.hibernate.hql.internal.ast.QueryTranslatorImpl.showHqlAst(QueryTranslatorImpl.java:283) - --- HQL AST ---
 \-[QUERY] Node: 'query'
    \-[SELECT_FROM] Node: 'SELECT_FROM'
       \-[FROM] Node: 'from'
          \-[RANGE] Node: 'RANGE'
             \-[DOT] Node: '.'
                +-[DOT] Node: '.'
                |  +-[DOT] Node: '.'
                |  |  +-[DOT] Node: '.'
                |  |  |  +-[DOT] Node: '.'
                |  |  |  |  +-[DOT] Node: '.'
                |  |  |  |  |  +-[DOT] Node: '.'
                |  |  |  |  |  |  +-[IDENT] Node: 'ee'
                |  |  |  |  |  |  \-[IDENT] Node: 'ut'
                |  |  |  |  |  \-[IDENT] Node: 'math'
                |  |  |  |  \-[IDENT] Node: 'tvt'
                |  |  |  \-[IDENT] Node: 'salessystem'
                |  |  \-[IDENT] Node: 'domain'
                |  \-[IDENT] Node: 'data'
                \-[IDENT] Node: 'StockItem'

[2013-11-23 14:59:45,720]DEBUG  3067[main] - org.hibernate.hql.internal.ast.ErrorCounter.throwQueryException(ErrorCounter.java:82) - throwQueryException() : no errors
[2013-11-23 14:59:45,757]DEBUG  3104[main] - org.hibernate.hql.internal.antlr.HqlSqlBaseWalker.beforeStatement(HqlSqlBaseWalker.java:121) - select << begin [level=1, statement=select]
[2013-11-23 14:59:45,779]DEBUG  3126[main] - org.hibernate.hql.internal.ast.tree.FromElement.doInitialize(FromElement.java:157) - FromClause{level=1} : ee.ut.math.tvt.salessystem.domain.data.StockItem (<no alias>) -> stockitem0_
[2013-11-23 14:59:45,779]DEBUG  3126[main] - org.hibernate.hql.internal.antlr.HqlSqlBaseWalker.beforeStatementCompletion(HqlSqlBaseWalker.java:125) - select : finishing up [level=1, statement=select]
[2013-11-23 14:59:45,780]DEBUG  3127[main] - org.hibernate.hql.internal.ast.HqlSqlWalker.processQuery(HqlSqlWalker.java:629) - processQuery() :  ( SELECT ( FromClause{level=1} StockItem stockitem0_ ) )
[2013-11-23 14:59:45,785]DEBUG  3132[main] - org.hibernate.hql.internal.ast.HqlSqlWalker.createSelectClauseFromFromClause(HqlSqlWalker.java:869) - Derived SELECT clause created.
[2013-11-23 14:59:45,791]DEBUG  3138[main] - org.hibernate.hql.internal.ast.util.JoinProcessor.addJoinNodes(JoinProcessor.java:175) - Using FROM fragment [StockItem stockitem0_]
[2013-11-23 14:59:45,792]DEBUG  3139[main] - org.hibernate.hql.internal.antlr.HqlSqlBaseWalker.afterStatementCompletion(HqlSqlBaseWalker.java:129) - select >> end [level=1, statement=select]
[2013-11-23 14:59:45,793]DEBUG  3140[main] - org.hibernate.hql.internal.ast.QueryTranslatorImpl.analyze(QueryTranslatorImpl.java:252) - --- SQL AST ---
 \-[SELECT] QueryNode: 'SELECT'  querySpaces (StockItem)
    +-[SELECT_CLAUSE] SelectClause: '{derived select clause}'
    |  +-[SELECT_EXPR] SelectExpressionImpl: 'stockitem0_.id as id1_' {FromElement{explicit,not a collection join,not a fetch join,fetch non-lazy properties,classAlias=null,role=null,tableName=StockItem,tableAlias=stockitem0_,origin=null,columns={,className=ee.ut.math.tvt.salessystem.domain.data.StockItem}}}
    |  \-[SQL_TOKEN] SqlFragment: 'stockitem0_.description as descript2_1_, stockitem0_.name as name1_, stockitem0_.price as price1_, stockitem0_.quantity as quantity1_'
    \-[FROM] FromClause: 'from' FromClause{level=1, fromElementCounter=1, fromElements=1, fromElementByClassAlias=[], fromElementByTableAlias=[stockitem0_], fromElementsByPath=[], collectionJoinFromElementsByPath=[], impliedElements=[]}
       \-[FROM_FRAGMENT] FromElement: 'StockItem stockitem0_' FromElement{explicit,not a collection join,not a fetch join,fetch non-lazy properties,classAlias=null,role=null,tableName=StockItem,tableAlias=stockitem0_,origin=null,columns={,className=ee.ut.math.tvt.salessystem.domain.data.StockItem}}

[2013-11-23 14:59:45,794]DEBUG  3141[main] - org.hibernate.hql.internal.ast.ErrorCounter.throwQueryException(ErrorCounter.java:82) - throwQueryException() : no errors
[2013-11-23 14:59:45,804]DEBUG  3151[main] - org.hibernate.hql.internal.ast.QueryTranslatorImpl.generate(QueryTranslatorImpl.java:235) - HQL: from ee.ut.math.tvt.salessystem.domain.data.StockItem
[2013-11-23 14:59:45,804]DEBUG  3151[main] - org.hibernate.hql.internal.ast.QueryTranslatorImpl.generate(QueryTranslatorImpl.java:236) - SQL: select stockitem0_.id as id1_, stockitem0_.description as descript2_1_, stockitem0_.name as name1_, stockitem0_.price as price1_, stockitem0_.quantity as quantity1_ from StockItem stockitem0_
[2013-11-23 14:59:45,804]DEBUG  3151[main] - org.hibernate.hql.internal.ast.ErrorCounter.throwQueryException(ErrorCounter.java:82) - throwQueryException() : no errors
[2013-11-23 14:59:45,852]DEBUG  3199[main] - org.hibernate.engine.jdbc.internal.LogicalConnectionImpl.obtainConnection(LogicalConnectionImpl.java:295) - Obtaining JDBC connection
[2013-11-23 14:59:45,852]DEBUG  3199[main] - org.hibernate.service.jdbc.connections.internal.DriverManagerConnectionProviderImpl.getConnection(DriverManagerConnectionProviderImpl.java:192) - Opening new JDBC connection
[2013-11-23 14:59:46,855]DEBUG  4202[main] - org.hibernate.engine.jdbc.spi.SqlExceptionHelper.logExceptions(SqlExceptionHelper.java:139) - Could not open connection [n/a]
java.sql.SQLTransientConnectionException: java.net.ConnectException: Connection refused: connect
	at org.hsqldb.jdbc.Util.sqlException(Unknown Source)
	at org.hsqldb.jdbc.Util.sqlException(Unknown Source)
	at org.hsqldb.jdbc.JDBCConnection.<init>(Unknown Source)
	at org.hsqldb.jdbc.JDBCDriver.getConnection(Unknown Source)
	at org.hsqldb.jdbc.JDBCDriver.connect(Unknown Source)
	at java.sql.DriverManager.getConnection(Unknown Source)
	at java.sql.DriverManager.getConnection(Unknown Source)
	at org.hibernate.service.jdbc.connections.internal.DriverManagerConnectionProviderImpl.getConnection(DriverManagerConnectionProviderImpl.java:193)
	at org.hibernate.internal.AbstractSessionImpl$NonContextualJdbcConnectionAccess.obtainConnection(AbstractSessionImpl.java:281)
	at org.hibernate.engine.jdbc.internal.LogicalConnectionImpl.obtainConnection(LogicalConnectionImpl.java:297)
	at org.hibernate.engine.jdbc.internal.LogicalConnectionImpl.getConnection(LogicalConnectionImpl.java:169)
	at org.hibernate.engine.jdbc.internal.proxy.ConnectionProxyHandler.extractPhysicalConnection(ConnectionProxyHandler.java:82)
	at org.hibernate.engine.jdbc.internal.proxy.ConnectionProxyHandler.continueInvocation(ConnectionProxyHandler.java:138)
	at org.hibernate.engine.jdbc.internal.proxy.AbstractProxyHandler.invoke(AbstractProxyHandler.java:81)
	at com.sun.proxy.$Proxy11.prepareStatement(Unknown Source)
	at org.hibernate.engine.jdbc.internal.StatementPreparerImpl$5.doPrepare(StatementPreparerImpl.java:147)
	at org.hibernate.engine.jdbc.internal.StatementPreparerImpl$StatementPreparationTemplate.prepareStatement(StatementPreparerImpl.java:166)
	at org.hibernate.engine.jdbc.internal.StatementPreparerImpl.prepareQueryStatement(StatementPreparerImpl.java:145)
	at org.hibernate.loader.Loader.prepareQueryStatement(Loader.java:1720)
	at org.hibernate.loader.Loader.executeQueryStatement(Loader.java:1697)
	at org.hibernate.loader.Loader.doQuery(Loader.java:832)
	at org.hibernate.loader.Loader.doQueryAndInitializeNonLazyCollections(Loader.java:293)
	at org.hibernate.loader.Loader.doList(Loader.java:2382)
	at org.hibernate.loader.Loader.doList(Loader.java:2368)
	at org.hibernate.loader.Loader.listIgnoreQueryCache(Loader.java:2198)
	at org.hibernate.loader.Loader.list(Loader.java:2193)
	at org.hibernate.loader.hql.QueryLoader.list(QueryLoader.java:470)
	at org.hibernate.hql.internal.ast.QueryTranslatorImpl.list(QueryTranslatorImpl.java:355)
	at org.hibernate.engine.query.spi.HQLQueryPlan.performList(HQLQueryPlan.java:195)
	at org.hibernate.internal.SessionImpl.list(SessionImpl.java:1244)
	at org.hibernate.internal.QueryImpl.list(QueryImpl.java:101)
	at ee.ut.math.tvt.salessystem.domain.controller.impl.SalesDomainControllerImpl.loadWarehouseState(Unknown Source)
	at ee.ut.math.tvt.salessystem.ui.model.SalesSystemModel.<init>(Unknown Source)
	at ee.ut.math.tvt.salessystem.ui.SalesSystemUI.<init>(Unknown Source)
	at ee.ut.math.tvt.TheTeam.Intro.main(Unknown Source)
Caused by: org.hsqldb.HsqlException: java.net.ConnectException: Connection refused: connect
	at org.hsqldb.ClientConnection.openConnection(Unknown Source)
	at org.hsqldb.ClientConnection.initConnection(Unknown Source)
	at org.hsqldb.ClientConnection.<init>(Unknown Source)
	... 33 more
Caused by: java.net.ConnectException: Connection refused: connect
	at java.net.DualStackPlainSocketImpl.connect0(Native Method)
	at java.net.DualStackPlainSocketImpl.socketConnect(Unknown Source)
	at java.net.AbstractPlainSocketImpl.doConnect(Unknown Source)
	at java.net.AbstractPlainSocketImpl.connectToAddress(Unknown Source)
	at java.net.AbstractPlainSocketImpl.connect(Unknown Source)
	at java.net.PlainSocketImpl.connect(Unknown Source)
	at java.net.SocksSocketImpl.connect(Unknown Source)
	at java.net.Socket.connect(Unknown Source)
	at java.net.Socket.connect(Unknown Source)
	at java.net.Socket.<init>(Unknown Source)
	at java.net.Socket.<init>(Unknown Source)
	at org.hsqldb.server.HsqlSocketFactory.createSocket(Unknown Source)
	... 36 more
[2013-11-23 14:59:46,958] WARN  4305[main] - org.hibernate.engine.jdbc.spi.SqlExceptionHelper.logExceptions(SqlExceptionHelper.java:143) - SQL Error: -1301, SQLState: 08001
[2013-11-23 14:59:46,958]ERROR  4305[main] - org.hibernate.engine.jdbc.spi.SqlExceptionHelper.logExceptions(SqlExceptionHelper.java:144) - java.net.ConnectException: Connection refused: connect
